TN:
SF:backend\src\app.controller.ts
FN:6,(anonymous_0)
FN:8,(anonymous_1)
FNF:2
FNH:2
FNDA:1,(anonymous_0)
FNDA:1,(anonymous_1)
DA:4,1
DA:5,1
DA:6,1
DA:10,1
LF:4
LH:4
BRDA:4,0,0,2
BRDA:4,0,1,1
BRF:2
BRH:2
end_of_record
TN:
SF:backend\src\app.service.ts
FN:5,(anonymous_0)
FNF:1
FNH:1
FNDA:1,(anonymous_0)
DA:3,2
DA:4,2
DA:6,1
LF:3
LH:3
BRF:0
BRH:0
end_of_record
TN:
SF:backend\src\common\cors.utils.ts
FN:1,parseCorsOrigin
FN:8,(anonymous_1)
FNF:2
FNH:2
FNDA:5,parseCorsOrigin
FNDA:3,(anonymous_1)
DA:2,5
DA:3,3
DA:6,2
DA:8,3
DA:11,2
LF:5
LH:5
BRDA:2,0,0,3
BRDA:2,0,1,2
BRDA:2,1,0,5
BRDA:2,1,1,3
BRDA:11,2,0,1
BRDA:11,2,1,1
BRF:6
BRH:6
end_of_record
TN:
SF:backend\src\common\decorators\tenant.decorator.ts
FN:4,(anonymous_0)
FNF:1
FNH:0
FNDA:0,(anonymous_0)
DA:4,4
DA:5,0
DA:6,0
LF:3
LH:1
BRF:0
BRH:0
end_of_record
TN:
SF:backend\src\modules\admin\admin.controller.ts
FN:9,(anonymous_0)
FN:11,(anonymous_1)
FN:16,(anonymous_2)
FN:21,(anonymous_3)
FN:26,(anonymous_4)
FNF:5
FNH:5
FNDA:5,(anonymous_0)
FNDA:1,(anonymous_1)
FNDA:1,(anonymous_2)
FNDA:1,(anonymous_3)
FNDA:1,(anonymous_4)
DA:8,1
DA:9,5
DA:13,1
DA:18,1
DA:23,1
DA:28,1
LF:6
LH:6
BRF:0
BRH:0
end_of_record
TN:
SF:backend\src\modules\admin\admin.service.ts
FN:6,(anonymous_0)
FN:8,(anonymous_1)
FN:23,(anonymous_2)
FN:34,(anonymous_3)
FN:45,(anonymous_4)
FNF:5
FNH:5
FNDA:5,(anonymous_0)
FNDA:1,(anonymous_1)
FNDA:1,(anonymous_2)
FNDA:1,(anonymous_3)
FNDA:1,(anonymous_4)
DA:4,2
DA:5,2
DA:6,5
DA:9,1
DA:24,1
DA:35,1
DA:46,1
DA:53,1
LF:8
LH:8
BRDA:4,0,0,4
BRDA:4,0,1,2
BRF:2
BRH:2
end_of_record
TN:
SF:backend\src\modules\ai\ai.controller.ts
FN:9,(anonymous_0)
FN:11,(anonymous_1)
FNF:2
FNH:2
FNDA:2,(anonymous_0)
FNDA:1,(anonymous_1)
DA:8,1
DA:9,2
DA:13,1
LF:3
LH:3
BRF:0
BRH:0
end_of_record
TN:
SF:backend\src\modules\ai\ai.service.ts
FN:11,(anonymous_0)
FN:20,(anonymous_1)
FN:52,(anonymous_2)
FN:55,(anonymous_3)
FN:88,(anonymous_4)
FNF:5
FNH:3
FNDA:3,(anonymous_0)
FNDA:3,(anonymous_1)
FNDA:0,(anonymous_2)
FNDA:0,(anonymous_3)
FNDA:2,(anonymous_4)
DA:7,2
DA:8,2
DA:12,3
DA:13,3
DA:14,3
DA:16,3
DA:17,3
DA:21,3
DA:22,3
DA:25,3
DA:29,3
DA:40,3
DA:52,0
DA:55,0
DA:65,3
DA:66,3
DA:70,3
DA:75,2
DA:77,2
DA:79,1
DA:80,1
DA:89,2
DA:90,2
DA:91,2
DA:92,0
DA:93,2
DA:94,1
DA:95,1
DA:96,1
DA:99,2
LF:30
LH:27
BRDA:17,0,0,3
BRDA:17,0,1,0
BRDA:55,1,0,0
BRDA:55,1,1,0
BRDA:91,2,0,0
BRDA:91,2,1,2
BRDA:91,3,0,2
BRDA:91,3,1,2
BRDA:93,4,0,1
BRDA:93,4,1,1
BRDA:93,5,0,2
BRDA:93,5,1,1
BRDA:95,6,0,1
BRDA:95,6,1,0
BRDA:95,7,0,1
BRDA:95,7,1,1
BRF:16
BRH:11
end_of_record
TN:
SF:backend\src\modules\analytics\analytics.controller.ts
FN:11,(anonymous_0)
FN:13,(anonymous_1)
FN:19,(anonymous_2)
FN:27,(anonymous_3)
FNF:4
FNH:4
FNDA:4,(anonymous_0)
FNDA:1,(anonymous_1)
FNDA:1,(anonymous_2)
FNDA:1,(anonymous_3)
DA:10,1
DA:11,4
DA:16,1
DA:22,1
DA:28,1
DA:29,1
DA:30,1
DA:31,1
LF:8
LH:8
BRF:0
BRH:0
end_of_record
TN:
SF:backend\src\modules\analytics\analytics.service.ts
FN:6,(anonymous_0)
FN:8,(anonymous_1)
FN:34,(anonymous_2)
FN:42,(anonymous_3)
FN:47,(anonymous_4)
FN:50,(anonymous_5)
FN:58,(anonymous_6)
FNF:7
FNH:7
FNDA:3,(anonymous_0)
FNDA:1,(anonymous_1)
FNDA:1,(anonymous_2)
FNDA:2,(anonymous_3)
FNDA:1,(anonymous_4)
FNDA:1,(anonymous_5)
FNDA:1,(anonymous_6)
DA:4,4
DA:5,4
DA:6,3
DA:9,1
DA:27,1
DA:35,1
DA:41,1
DA:42,1
DA:43,2
DA:44,2
DA:47,1
DA:51,1
DA:57,1
DA:58,1
DA:59,1
DA:62,1
LF:16
LH:16
BRDA:28,0,0,1
BRDA:28,0,1,0
BRDA:29,1,0,1
BRDA:29,1,1,0
BRDA:44,2,0,2
BRDA:44,2,1,1
BRDA:59,3,0,1
BRDA:59,3,1,0
BRDA:4,4,0,8
BRDA:4,4,1,4
BRF:10
BRH:7
end_of_record
TN:
SF:backend\src\modules\auth\admin.guard.ts
FN:6,(anonymous_0)
FN:8,(anonymous_1)
FNF:2
FNH:2
FNDA:8,(anonymous_0)
FNDA:3,(anonymous_1)
DA:4,2
DA:5,2
DA:6,8
DA:9,3
DA:10,3
DA:12,3
DA:13,2
DA:16,1
LF:8
LH:8
BRDA:12,0,0,2
BRDA:12,0,1,1
BRDA:4,1,0,4
BRDA:4,1,1,2
BRF:4
BRH:4
end_of_record
TN:
SF:backend\src\modules\auth\auth.controller.ts
FN:6,resolveRequestContext
FN:22,(anonymous_1)
FN:24,(anonymous_2)
FN:29,(anonymous_3)
FN:39,(anonymous_4)
FNF:5
FNH:5
FNDA:1,resolveRequestContext
FNDA:2,(anonymous_1)
FNDA:1,(anonymous_2)
FNDA:1,(anonymous_3)
FNDA:1,(anonymous_4)
DA:7,1
DA:8,1
DA:10,1
DA:20,1
DA:21,1
DA:22,2
DA:26,1
DA:32,1
DA:33,1
DA:36,0
DA:42,1
DA:43,1
DA:46,0
LF:13
LH:11
BRDA:11,0,0,1
BRDA:11,0,1,0
BRDA:11,0,2,0
BRDA:11,0,3,0
BRDA:16,1,0,0
BRDA:16,1,1,1
BRDA:16,2,0,0
BRDA:16,2,1,0
BRDA:16,3,0,1
BRDA:16,3,1,0
BRDA:32,4,0,1
BRDA:32,4,1,0
BRDA:42,5,0,1
BRDA:42,5,1,0
BRDA:20,6,0,2
BRDA:20,6,1,1
BRF:16
BRH:7
end_of_record
TN:
SF:backend\src\modules\auth\auth.guard.ts
FN:5,extractBearerToken
FN:17,(anonymous_1)
FN:19,(anonymous_2)
FNF:3
FNH:3
FNDA:2,extractBearerToken
FNDA:9,(anonymous_1)
FNDA:2,(anonymous_2)
DA:6,2
DA:8,2
DA:9,1
DA:12,1
DA:15,3
DA:16,3
DA:17,9
DA:20,2
DA:21,2
DA:23,2
DA:24,1
DA:27,1
DA:28,1
DA:29,1
DA:31,0
LF:15
LH:14
BRDA:6,0,0,0
BRDA:6,0,1,2
BRDA:8,1,0,1
BRDA:8,1,1,1
BRDA:23,2,0,1
BRDA:23,2,1,1
BRDA:15,3,0,6
BRDA:15,3,1,3
BRF:8
BRH:7
end_of_record
TN:
SF:backend\src\modules\auth\auth.service.ts
FN:39,normalizeEmail
FN:43,normalizeUserAgent
FN:47,toIso
FN:55,createFingerprint
FN:61,(anonymous_4)
FN:66,(anonymous_5)
FN:136,(anonymous_6)
FN:137,(anonymous_7)
FN:138,(anonymous_8)
FN:151,(anonymous_9)
FN:189,(anonymous_10)
FN:190,(anonymous_11)
FN:191,(anonymous_12)
FN:204,(anonymous_13)
FN:225,(anonymous_14)
FN:232,(anonymous_15)
FN:244,(anonymous_16)
FN:246,(anonymous_17)
FN:251,(anonymous_18)
FN:273,(anonymous_19)
FN:294,(anonymous_20)
FN:311,(anonymous_21)
FN:321,(anonymous_22)
FN:332,(anonymous_23)
FN:345,(anonymous_24)
FN:358,(anonymous_25)
FNF:26
FNH:26
FNDA:10,normalizeEmail
FNDA:18,normalizeUserAgent
FNDA:28,toIso
FNDA:6,createFingerprint
FNDA:9,(anonymous_4)
FNDA:10,(anonymous_5)
FNDA:6,(anonymous_6)
FNDA:6,(anonymous_7)
FNDA:6,(anonymous_8)
FNDA:3,(anonymous_9)
FNDA:1,(anonymous_10)
FNDA:1,(anonymous_11)
FNDA:1,(anonymous_12)
FNDA:1,(anonymous_13)
FNDA:9,(anonymous_14)
FNDA:9,(anonymous_15)
FNDA:7,(anonymous_16)
FNDA:7,(anonymous_17)
FNDA:6,(anonymous_18)
FNDA:1,(anonymous_19)
FNDA:7,(anonymous_20)
FNDA:6,(anonymous_21)
FNDA:6,(anonymous_22)
FNDA:7,(anonymous_23)
FNDA:7,(anonymous_24)
FNDA:7,(anonymous_25)
DA:1,2
DA:34,2
DA:40,10
DA:44,18
DA:48,28
DA:49,8
DA:52,20
DA:56,6
DA:59,2
DA:60,2
DA:62,9
DA:63,9
DA:67,10
DA:68,10
DA:70,10
DA:81,10
DA:82,0
DA:85,10
DA:86,1
DA:89,9
DA:90,9
DA:92,9
DA:93,10
DA:94,1
DA:95,1
DA:98,7
DA:99,1
DA:102,6
DA:103,6
DA:104,6
DA:106,6
DA:111,6
DA:121,6
DA:129,6
DA:136,6
DA:138,6
DA:139,6
DA:152,3
DA:163,3
DA:164,1
DA:167,2
DA:171,2
DA:172,1
DA:175,1
DA:176,1
DA:178,1
DA:183,1
DA:189,1
DA:191,1
DA:192,1
DA:205,1
DA:209,1
DA:210,1
DA:219,1
DA:226,9
DA:227,9
DA:228,1
DA:233,9
DA:234,9
DA:238,9
DA:245,7
DA:246,7
DA:248,7
DA:257,6
DA:274,1
DA:276,1
DA:280,1
DA:295,7
DA:312,6
DA:314,6
DA:315,5
DA:316,4
DA:317,3
DA:318,2
DA:322,6
DA:324,6
DA:325,5
DA:326,3
DA:327,2
DA:328,2
DA:329,1
DA:333,7
DA:346,7
DA:359,7
LF:84
LH:83
BRDA:40,0,0,10
BRDA:40,0,1,0
BRDA:44,1,0,18
BRDA:44,1,1,0
BRDA:48,2,0,8
BRDA:48,2,1,20
BRDA:52,3,0,20
BRDA:52,3,1,0
BRDA:68,4,0,10
BRDA:68,4,1,0
BRDA:81,5,0,0
BRDA:81,5,1,10
BRDA:85,6,0,1
BRDA:85,6,1,9
BRDA:92,7,0,8
BRDA:92,7,1,0
BRDA:93,8,0,1
BRDA:93,8,1,9
BRDA:98,9,0,1
BRDA:98,9,1,6
BRDA:116,10,0,6
BRDA:116,10,1,6
BRDA:143,11,0,6
BRDA:143,11,1,0
BRDA:144,12,0,6
BRDA:144,12,1,0
BRDA:145,13,0,6
BRDA:145,13,1,0
BRDA:163,14,0,1
BRDA:163,14,1,2
BRDA:171,15,0,1
BRDA:171,15,1,1
BRDA:171,16,0,2
BRDA:171,16,1,2
BRDA:196,17,0,1
BRDA:196,17,1,0
BRDA:197,18,0,1
BRDA:197,18,1,0
BRDA:198,19,0,1
BRDA:198,19,1,0
BRDA:209,20,0,1
BRDA:209,20,1,0
BRDA:209,21,0,1
BRDA:209,21,1,1
BRDA:227,22,0,1
BRDA:227,22,1,8
BRDA:227,23,0,9
BRDA:227,23,1,1
BRDA:234,24,0,9
BRDA:234,24,1,1
BRDA:246,25,0,7
BRDA:246,25,1,0
BRDA:248,26,0,7
BRDA:248,26,1,0
BRDA:261,27,0,6
BRDA:261,27,1,0
BRDA:263,28,0,6
BRDA:263,28,1,0
BRDA:274,29,0,1
BRDA:274,29,1,1
BRDA:276,30,0,0
BRDA:276,30,1,1
BRDA:314,31,0,1
BRDA:314,31,1,5
BRDA:315,32,0,1
BRDA:315,32,1,4
BRDA:316,33,0,1
BRDA:316,33,1,3
BRDA:317,34,0,1
BRDA:317,34,1,2
BRDA:324,35,0,1
BRDA:324,35,1,5
BRDA:325,36,0,2
BRDA:325,36,1,3
BRDA:325,37,0,5
BRDA:325,37,1,3
BRDA:326,38,0,1
BRDA:326,38,1,2
BRDA:327,39,0,0
BRDA:327,39,1,2
BRDA:327,40,0,2
BRDA:327,40,1,2
BRDA:327,40,2,2
BRDA:328,41,0,1
BRDA:328,41,1,1
BRDA:350,42,0,7
BRDA:350,42,1,0
BRDA:351,43,0,7
BRDA:351,43,1,0
BRDA:353,44,0,7
BRDA:353,44,1,7
BRDA:354,45,0,7
BRDA:354,45,1,0
BRDA:369,46,0,7
BRDA:369,46,1,0
BRDA:370,47,0,7
BRDA:370,47,1,0
BRDA:372,48,0,7
BRDA:372,48,1,7
BRDA:59,49,0,8
BRDA:59,49,1,4
BRF:101
BRH:77
end_of_record
TN:
SF:backend\src\modules\auth\auth.types.ts
FN:6,(anonymous_0)
FN:10,(anonymous_1)
FNF:2
FNH:0
FNDA:0,(anonymous_0)
FNDA:0,(anonymous_1)
DA:6,0
DA:10,0
LF:2
LH:0
BRDA:6,0,0,0
BRDA:6,0,1,0
BRDA:10,1,0,0
BRDA:10,1,1,0
BRF:4
BRH:0
end_of_record
TN:
SF:backend\src\modules\auth\permissions.decorator.ts
FN:4,(anonymous_0)
FNF:1
FNH:1
FNDA:10,(anonymous_0)
DA:3,4
DA:4,10
LF:2
LH:2
BRF:0
BRH:0
end_of_record
TN:
SF:backend\src\modules\auth\permissions.guard.ts
FN:10,(anonymous_0)
FN:15,(anonymous_1)
FN:46,(anonymous_2)
FN:53,(anonymous_3)
FNF:4
FNH:1
FNDA:15,(anonymous_0)
FNDA:0,(anonymous_1)
FNDA:0,(anonymous_2)
FNDA:0,(anonymous_3)
DA:8,4
DA:9,4
DA:11,15
DA:12,15
DA:16,0
DA:21,0
DA:22,0
DA:25,0
DA:26,0
DA:28,0
DA:29,0
DA:33,0
DA:42,0
DA:43,0
DA:46,0
DA:47,0
DA:48,0
DA:53,0
LF:18
LH:4
BRDA:21,0,0,0
BRDA:21,0,1,0
BRDA:21,1,0,0
BRDA:21,1,1,0
BRDA:28,2,0,0
BRDA:28,2,1,0
BRDA:42,3,0,0
BRDA:42,3,1,0
BRDA:47,4,0,0
BRDA:47,4,1,0
BRDA:8,5,0,16
BRDA:8,5,1,8
BRF:12
BRH:2
end_of_record
TN:
SF:backend\src\modules\auth\rbac.constants.ts
FNF:0
FNH:0
DA:8,6
DA:18,6
DA:27,6
LF:3
LH:3
BRF:0
BRH:0
end_of_record
TN:
SF:backend\src\modules\database\prisma.module.ts
FNF:0
FNH:0
DA:4,1
DA:9,1
LF:2
LH:2
BRF:0
BRH:0
end_of_record
TN:
SF:backend\src\modules\database\prisma.service.ts
FN:6,(anonymous_0)
FNF:1
FNH:1
FNDA:1,(anonymous_0)
DA:4,16
DA:5,16
DA:7,1
LF:3
LH:3
BRF:0
BRH:0
end_of_record
TN:
SF:backend\src\modules\health\health.controller.ts
FN:6,(anonymous_0)
FN:8,(anonymous_1)
FNF:2
FNH:2
FNDA:1,(anonymous_0)
FNDA:1,(anonymous_1)
DA:4,1
DA:5,1
DA:6,1
DA:10,1
LF:4
LH:4
BRDA:4,0,0,2
BRDA:4,0,1,1
BRF:2
BRH:2
end_of_record
TN:
SF:backend\src\modules\health\health.service.ts
FN:5,(anonymous_0)
FNF:1
FNH:1
FNDA:1,(anonymous_0)
DA:3,2
DA:4,2
DA:6,1
LF:3
LH:3
BRF:0
BRH:0
end_of_record
TN:
SF:backend\src\modules\inventory\inventory.controller.ts
FN:11,(anonymous_0)
FN:13,(anonymous_1)
FN:19,(anonymous_2)
FN:35,(anonymous_3)
FNF:4
FNH:3
FNDA:4,(anonymous_0)
FNDA:2,(anonymous_1)
FNDA:1,(anonymous_2)
FNDA:0,(anonymous_3)
DA:10,1
DA:11,4
DA:16,2
DA:32,1
DA:38,0
LF:5
LH:4
BRF:0
BRH:0
end_of_record
TN:
SF:backend\src\modules\inventory\inventory.service.ts
FN:7,(anonymous_0)
FN:9,(anonymous_1)
FN:20,(anonymous_2)
FN:28,(anonymous_3)
FN:59,(anonymous_4)
FNF:5
FNH:5
FNDA:3,(anonymous_0)
FNDA:1,(anonymous_1)
FNDA:1,(anonymous_2)
FNDA:1,(anonymous_3)
FNDA:1,(anonymous_4)
DA:5,2
DA:6,2
DA:7,3
DA:10,1
DA:28,1
DA:29,1
DA:30,1
DA:33,1
DA:43,1
DA:60,1
DA:64,1
DA:66,0
DA:68,0
LF:13
LH:11
BRDA:13,0,0,1
BRDA:13,0,1,0
BRDA:30,1,0,0
BRDA:30,1,1,1
BRDA:36,2,0,1
BRDA:36,2,1,0
BRDA:51,3,0,1
BRDA:51,3,1,1
BRDA:52,4,0,1
BRDA:52,4,1,1
BRDA:64,5,0,1
BRDA:64,5,1,0
BRDA:5,6,0,4
BRDA:5,6,1,2
BRF:14
BRH:10
end_of_record
TN:
SF:backend\src\modules\invoices\invoices.controller.ts
FN:10,(anonymous_0)
FN:12,(anonymous_1)
FN:18,(anonymous_2)
FN:24,(anonymous_3)
FN:43,(anonymous_4)
FNF:5
FNH:5
FNDA:5,(anonymous_0)
FNDA:1,(anonymous_1)
FNDA:1,(anonymous_2)
FNDA:1,(anonymous_3)
FNDA:1,(anonymous_4)
DA:9,1
DA:10,5
DA:15,1
DA:21,1
DA:40,1
DA:46,1
LF:6
LH:6
BRF:0
BRH:0
end_of_record
TN:
SF:backend\src\modules\invoices\invoices.service.ts
FN:7,(anonymous_0)
FN:9,(anonymous_1)
FN:20,(anonymous_2)
FN:36,(anonymous_3)
FN:47,(anonymous_4)
FN:52,(anonymous_5)
FN:53,(anonymous_6)
FN:68,(anonymous_7)
FN:120,(anonymous_8)
FNF:9
FNH:9
FNDA:5,(anonymous_0)
FNDA:1,(anonymous_1)
FNDA:2,(anonymous_2)
FNDA:1,(anonymous_3)
FNDA:1,(anonymous_4)
FNDA:1,(anonymous_5)
FNDA:1,(anonymous_6)
FNDA:1,(anonymous_7)
FNDA:1,(anonymous_8)
DA:5,2
DA:6,2
DA:7,5
DA:10,1
DA:21,2
DA:29,2
DA:30,0
DA:33,2
DA:47,1
DA:49,1
DA:50,1
DA:52,1
DA:53,1
DA:54,1
DA:57,1
DA:68,1
DA:85,1
DA:86,1
DA:87,1
DA:89,1
DA:90,0
DA:91,0
DA:94,0
DA:99,0
DA:116,1
DA:121,1
DA:123,1
LF:27
LH:22
BRDA:29,0,0,0
BRDA:29,0,1,2
BRDA:50,1,0,0
BRDA:50,1,1,1
BRDA:87,2,0,0
BRDA:87,2,1,1
BRDA:89,3,0,0
BRDA:89,3,1,1
BRDA:90,4,0,0
BRDA:90,4,1,0
BRDA:90,5,0,0
BRDA:90,5,1,0
BRDA:5,6,0,4
BRDA:5,6,1,2
BRF:14
BRH:6
end_of_record
TN:
SF:backend\src\modules\products\products.service.ts
FN:6,(anonymous_0)
FN:8,(anonymous_1)
FN:14,(anonymous_2)
FN:20,(anonymous_3)
FNF:4
FNH:4
FNDA:3,(anonymous_0)
FNDA:1,(anonymous_1)
FNDA:1,(anonymous_2)
FNDA:1,(anonymous_3)
DA:4,1
DA:5,1
DA:6,3
DA:9,1
DA:15,1
DA:21,1
LF:6
LH:6
BRDA:4,0,0,2
BRDA:4,0,1,1
BRF:2
BRH:2
end_of_record
TN:
SF:backend\src\modules\third-parties\third-parties.service.ts
FN:7,(anonymous_0)
FN:9,(anonymous_1)
FN:19,(anonymous_2)
FN:31,(anonymous_3)
FN:46,(anonymous_4)
FN:61,(anonymous_5)
FNF:6
FNH:6
FNDA:5,(anonymous_0)
FNDA:1,(anonymous_1)
FNDA:3,(anonymous_2)
FNDA:1,(anonymous_3)
FNDA:1,(anonymous_4)
FNDA:1,(anonymous_5)
DA:5,1
DA:6,1
DA:7,5
DA:10,1
DA:20,3
DA:24,3
DA:25,0
DA:28,3
DA:38,1
DA:53,1
DA:55,1
DA:62,1
DA:64,1
LF:13
LH:12
BRDA:13,0,0,0
BRDA:13,0,1,1
BRDA:24,1,0,0
BRDA:24,1,1,3
BRDA:5,2,0,2
BRDA:5,2,1,1
BRF:6
BRH:4
end_of_record
TN:
SF:src\App.vue
FN:13,(anonymous_0)
FNF:1
FNH:1
FNDA:2,(anonymous_0)
DA:10,2
DA:11,2
DA:13,2
DA:14,2
DA:15,0
DA:16,0
DA:17,0
DA:24,6
LF:8
LH:5
BRDA:14,0,0,0
BRDA:14,0,1,2
BRDA:16,1,0,0
BRDA:16,1,1,0
BRDA:25,2,0,4
BRDA:25,2,1,2
BRF:6
BRH:3
end_of_record
TN:
SF:src\components\AppShell.vue
FN:84,(anonymous_0)
FNF:1
FNH:0
FNDA:0,(anonymous_0)
DA:18,2
DA:19,2
DA:20,2
DA:21,2
DA:22,2
DA:23,2
DA:84,2
DA:85,0
DA:86,0
DA:87,0
DA:95,2
DA:98,2
DA:105,2
LF:13
LH:10
BRDA:85,0,0,0
BRDA:85,0,1,0
BRDA:109,1,0,2
BRDA:113,2,0,2
BRDA:118,3,0,2
BRDA:123,4,0,2
BRDA:127,5,0,2
BRDA:132,6,0,2
BRDA:137,7,0,2
BRDA:142,8,0,2
BRF:10
BRH:8
end_of_record
TN:
SF:src\components\AuthScreen.vue
FN:14,(anonymous_0)
FN:15,(anonymous_1)
FN:16,(anonymous_2)
FN:18,resetForm
FN:24,togglePasswordVisibility
FN:28,handleForgotPassword
FN:68,(anonymous_6)
FN:93,(anonymous_7)
FNF:8
FNH:8
FNDA:2,(anonymous_0)
FNDA:2,(anonymous_1)
FNDA:4,(anonymous_2)
FNDA:1,resetForm
FNDA:1,togglePasswordVisibility
FNDA:1,handleForgotPassword
FNDA:1,(anonymous_6)
FNDA:1,(anonymous_7)
DA:5,2
DA:7,2
DA:8,2
DA:9,2
DA:14,2
DA:15,2
DA:16,4
DA:19,1
DA:20,1
DA:21,1
DA:25,1
DA:29,1
DA:45,7
DA:46,2
DA:47,2
DA:49,2
DA:53,2
DA:55,2
DA:68,1
DA:78,2
DA:80,2
DA:93,1
LF:22
LH:22
BRDA:16,0,0,1
BRDA:16,0,1,3
BRDA:48,1,0,7
BRDA:48,1,1,2
BRDA:54,2,0,7
BRDA:54,2,1,2
BRDA:56,3,0,7
BRDA:56,3,1,2
BRDA:68,4,0,7
BRDA:68,4,1,2
BRDA:79,5,0,7
BRDA:79,5,1,2
BRDA:81,6,0,7
BRDA:81,6,1,2
BRDA:93,7,0,7
BRDA:93,7,1,2
BRDA:102,8,0,4
BRDA:102,8,1,3
BRDA:106,9,0,3
BRDA:106,9,1,4
BRDA:114,10,0,3
BRDA:114,10,1,2
BRDA:130,11,0,4
BRDA:130,11,1,1
BRDA:148,12,0,4
BRF:25
BRH:25
end_of_record
TN:
SF:src\components\ai\ChatAssistant.vue
FN:13,(anonymous_0)
FN:17,(anonymous_1)
FN:38,(anonymous_2)
FN:49,(anonymous_3)
FN:65,(anonymous_4)
FN:71,(anonymous_5)
FN:84,(anonymous_6)
FNF:7
FNH:2
FNDA:0,(anonymous_0)
FNDA:0,(anonymous_1)
FNDA:0,(anonymous_2)
FNDA:1,(anonymous_3)
FNDA:1,(anonymous_4)
FNDA:0,(anonymous_5)
FNDA:0,(anonymous_6)
DA:5,3
DA:6,3
DA:7,3
DA:10,3
DA:11,3
DA:13,3
DA:14,0
DA:17,3
DA:18,0
DA:20,0
DA:21,0
DA:22,0
DA:23,0
DA:25,0
DA:27,0
DA:28,0
DA:29,0
DA:31,0
DA:33,0
DA:34,0
DA:38,3
DA:39,0
DA:40,0
DA:41,0
DA:47,4
DA:49,1
DA:65,1
DA:66,3
DA:71,0
DA:82,3
DA:84,0
LF:31
LH:13
BRDA:18,0,0,0
BRDA:18,0,1,0
BRDA:18,1,0,0
BRDA:18,1,1,0
BRDA:40,2,0,0
BRDA:40,2,1,0
BRDA:49,3,0,4
BRDA:49,3,1,3
BRDA:50,4,0,3
BRDA:50,4,1,1
BRDA:55,5,0,1
BRDA:56,6,0,1
BRDA:56,6,1,1
BRDA:70,7,0,0
BRDA:71,8,0,0
BRDA:71,8,1,0
BRDA:71,9,0,0
BRDA:71,9,1,0
BRDA:72,10,0,0
BRDA:72,10,1,0
BRDA:72,11,0,0
BRDA:72,11,1,0
BRDA:77,12,0,0
BRDA:79,13,0,0
BRDA:79,13,1,0
BRDA:84,14,0,1
BRDA:84,14,1,1
BRDA:89,15,0,1
BRDA:89,15,1,0
BRF:29
BRH:10
end_of_record
TN:
SF:src\components\analytics\BusinessChart.vue
FN:24,renderChart
FN:43,(anonymous_1)
FN:45,(anonymous_2)
FNF:3
FNH:2
FNDA:4,renderChart
FNDA:4,(anonymous_1)
FNDA:0,(anonymous_2)
DA:5,4
DA:8,4
DA:9,4
DA:10,4
DA:11,4
DA:12,4
DA:13,4
DA:15,4
DA:21,4
DA:22,4
DA:25,4
DA:26,0
DA:28,4
DA:30,4
DA:41,4
DA:43,4
DA:45,4
DA:46,0
DA:47,0
DA:53,4
DA:54,4
LF:21
LH:18
BRDA:25,0,0,0
BRDA:25,0,1,4
BRDA:28,1,0,0
BRDA:28,1,1,4
BRDA:46,2,0,0
BRDA:46,2,1,0
BRF:6
BRH:2
end_of_record
TN:
SF:src\components\common\ToastStack.vue
FN:12,(anonymous_0)
FNF:1
FNH:1
FNDA:1,(anonymous_0)
DA:11,7
DA:12,1
LF:2
LH:2
BRDA:14,0,0,0
BRF:1
BRH:0
end_of_record
TN:
SF:src\components\layout\AppSidebar.vue
FN:46,(anonymous_0)
FN:48,(anonymous_1)
FN:50,(anonymous_2)
FN:52,(anonymous_3)
FN:55,(anonymous_4)
FN:61,(anonymous_5)
FN:74,(anonymous_6)
FN:77,(anonymous_7)
FN:81,(anonymous_8)
FNF:9
FNH:9
FNDA:4,(anonymous_0)
FNDA:16,(anonymous_1)
FNDA:32,(anonymous_2)
FNDA:16,(anonymous_3)
FNDA:4,(anonymous_4)
FNDA:8,(anonymous_5)
FNDA:16,(anonymous_6)
FNDA:32,(anonymous_7)
FNDA:1,(anonymous_8)
DA:6,4
DA:8,4
DA:17,4
DA:46,4
DA:47,4
DA:48,16
DA:50,32
DA:52,16
DA:55,4
DA:56,4
DA:57,4
DA:61,8
DA:67,4
DA:74,16
DA:75,3
DA:76,32
DA:81,1
DA:122,3
DA:123,3
DA:125,3
DA:126,3
DA:127,3
LF:22
LH:22
BRDA:56,0,0,4
BRDA:56,0,1,0
BRDA:68,1,0,4
BRDA:68,1,1,4
BRDA:83,2,0,4
BRDA:83,2,1,28
BRDA:88,3,0,4
BRDA:88,3,1,4
BRDA:89,4,0,4
BRDA:89,4,1,24
BRDA:92,5,0,4
BRDA:92,5,1,4
BRDA:93,6,0,4
BRDA:93,6,1,20
BRDA:96,7,0,4
BRDA:96,7,1,4
BRDA:97,8,0,4
BRDA:97,8,1,16
BRDA:99,9,0,4
BRDA:99,9,1,4
BRDA:100,10,0,4
BRDA:100,10,1,12
BRDA:104,11,0,4
BRDA:104,11,1,4
BRDA:105,12,0,4
BRDA:105,12,1,8
BRDA:108,13,0,4
BRDA:108,13,1,4
BRDA:109,14,0,4
BRDA:109,14,1,4
BRDA:112,15,0,4
BRDA:112,15,1,4
BRDA:116,16,0,4
BRDA:116,16,1,4
BRDA:117,17,0,32
BRDA:117,17,1,0
BRDA:124,18,0,4
BRDA:124,18,1,0
BRDA:126,19,0,4
BRDA:126,19,1,0
BRDA:127,20,0,4
BRDA:127,20,1,0
BRF:42
BRH:37
end_of_record
TN:
SF:src\components\layout\AppTopbar.vue
FN:11,(anonymous_0)
FN:15,(anonymous_1)
FN:28,(anonymous_2)
FN:29,(anonymous_3)
FN:31,handleTenantChange
FN:39,(anonymous_5)
FN:60,(anonymous_6)
FN:69,(anonymous_7)
FNF:8
FNH:5
FNDA:4,(anonymous_0)
FNDA:4,(anonymous_1)
FNDA:4,(anonymous_2)
FNDA:4,(anonymous_3)
FNDA:0,handleTenantChange
FNDA:0,(anonymous_5)
FNDA:8,(anonymous_6)
FNDA:0,(anonymous_7)
DA:6,4
DA:8,4
DA:10,4
DA:11,4
DA:14,4
DA:15,4
DA:18,4
DA:28,4
DA:29,4
DA:32,0
DA:37,4
DA:38,3
DA:39,0
DA:45,3
DA:46,3
DA:50,3
DA:53,3
DA:60,8
DA:66,3
DA:67,3
DA:69,0
LF:21
LH:18
BRDA:11,0,0,4
BRDA:11,0,1,0
BRDA:11,1,0,4
BRDA:11,1,1,0
BRDA:15,2,0,4
BRDA:15,2,1,0
BRDA:15,3,0,4
BRDA:15,3,1,0
BRDA:28,4,0,4
BRDA:28,4,1,0
BRDA:29,5,0,4
BRDA:29,5,1,0
BRDA:39,6,0,4
BRDA:39,6,1,4
BRDA:51,7,0,4
BRDA:51,7,1,4
BRDA:54,8,0,4
BRDA:54,8,1,4
BRDA:69,9,0,4
BRDA:69,9,1,4
BRF:20
BRH:14
end_of_record
TN:
SF:src\components\layout\HeroSummary.vue
FN:16,(anonymous_0)
FN:17,(anonymous_1)
FN:21,(anonymous_2)
FN:21,(anonymous_3)
FN:25,(anonymous_4)
FN:25,(anonymous_5)
FN:28,(anonymous_6)
FN:46,(anonymous_7)
FN:54,(anonymous_8)
FN:62,(anonymous_9)
FNF:10
FNH:7
FNDA:2,(anonymous_0)
FNDA:2,(anonymous_1)
FNDA:2,(anonymous_2)
FNDA:2,(anonymous_3)
FNDA:2,(anonymous_4)
FNDA:8,(anonymous_5)
FNDA:2,(anonymous_6)
FNDA:0,(anonymous_7)
FNDA:0,(anonymous_8)
FNDA:0,(anonymous_9)
DA:9,2
DA:10,2
DA:11,2
DA:12,2
DA:14,2
DA:16,2
DA:17,2
DA:20,2
DA:21,2
DA:24,2
DA:25,8
DA:28,2
DA:32,2
DA:33,3
DA:35,3
DA:41,3
DA:46,0
DA:54,0
DA:62,0
DA:69,3
DA:70,3
DA:72,3
DA:74,3
DA:76,3
DA:78,3
DA:80,3
DA:82,3
DA:84,3
LF:28
LH:25
BRDA:32,0,0,2
BRDA:36,1,0,2
BRDA:36,1,1,2
BRDA:43,2,0,2
BRDA:46,3,0,2
BRDA:46,3,1,2
BRDA:51,4,0,2
BRDA:54,5,0,2
BRDA:54,5,1,2
BRDA:59,6,0,2
BRDA:62,7,0,2
BRDA:62,7,1,2
BRDA:71,8,0,2
BRDA:71,8,1,2
BRDA:75,9,0,2
BRDA:75,9,1,2
BRDA:79,10,0,2
BRDA:79,10,1,2
BRDA:83,11,0,2
BRDA:83,11,1,2
BRF:20
BRH:20
end_of_record
TN:
SF:src\components\views\AccountingView.vue
FN:15,(anonymous_0)
FN:17,(anonymous_1)
FN:18,(anonymous_2)
FN:55,(anonymous_3)
FN:58,(anonymous_4)
FN:69,(anonymous_5)
FN:130,(anonymous_6)
FNF:7
FNH:6
FNDA:2,(anonymous_0)
FNDA:2,(anonymous_1)
FNDA:10,(anonymous_2)
FNDA:2,(anonymous_3)
FNDA:0,(anonymous_4)
FNDA:10,(anonymous_5)
FNDA:10,(anonymous_6)
DA:13,2
DA:15,2
DA:16,2
DA:18,2
DA:19,10
DA:20,10
DA:22,10
DA:23,2
DA:26,10
DA:27,2
DA:30,10
DA:31,2
DA:35,2
DA:43,2
DA:44,3
DA:45,3
DA:54,2
DA:58,0
DA:60,3
DA:63,3
DA:65,3
DA:67,3
DA:69,10
DA:76,3
DA:77,3
DA:85,3
DA:86,3
DA:88,3
DA:90,3
DA:92,3
DA:94,3
DA:96,3
DA:98,3
DA:100,3
DA:102,3
DA:104,3
DA:109,3
DA:118,3
DA:119,3
DA:121,3
DA:123,3
DA:125,3
DA:129,3
DA:130,10
LF:44
LH:43
BRDA:22,0,0,2
BRDA:22,0,1,8
BRDA:26,1,0,2
BRDA:26,1,1,8
BRDA:30,2,0,2
BRDA:30,2,1,8
BRDA:46,3,0,2
BRDA:46,3,1,2
BRDA:53,4,0,2
BRDA:53,4,1,0
BRDA:68,5,0,2
BRDA:68,5,1,2
BRDA:78,6,0,2
BRDA:78,6,1,2
BRDA:87,7,0,2
BRDA:87,7,1,2
BRDA:91,8,0,2
BRDA:91,8,1,2
BRDA:95,9,0,2
BRDA:95,9,1,2
BRDA:99,10,0,2
BRDA:99,10,1,2
BRDA:103,11,0,2
BRDA:103,11,1,2
BRDA:110,12,0,2
BRDA:110,12,1,2
BRDA:117,13,0,2
BRDA:117,13,1,0
BRDA:120,14,0,2
BRDA:120,14,1,2
BRDA:124,15,0,2
BRDA:124,15,1,2
BRF:32
BRH:30
end_of_record
TN:
SF:src\components\views\AdminConsoleView.vue
FN:13,(anonymous_0)
FN:35,(anonymous_1)
FN:65,(anonymous_2)
FN:79,(anonymous_3)
FN:82,(anonymous_4)
FN:105,(anonymous_5)
FN:142,(anonymous_6)
FN:147,(anonymous_7)
FN:173,(anonymous_8)
FNF:9
FNH:4
FNDA:3,(anonymous_0)
FNDA:3,(anonymous_1)
FNDA:12,(anonymous_2)
FNDA:9,(anonymous_3)
FNDA:0,(anonymous_4)
FNDA:0,(anonymous_5)
FNDA:0,(anonymous_6)
FNDA:0,(anonymous_7)
FNDA:0,(anonymous_8)
DA:6,3
DA:7,3
DA:8,3
DA:9,3
DA:10,3
DA:11,3
DA:13,3
DA:14,3
DA:15,3
DA:16,3
DA:22,2
DA:23,2
DA:24,2
DA:25,2
DA:27,1
DA:29,3
DA:33,3
DA:35,3
DA:44,6
DA:45,3
DA:53,3
DA:64,3
DA:65,12
DA:66,3
DA:67,3
DA:69,3
DA:70,3
DA:71,3
DA:77,3
DA:78,9
DA:82,0
DA:89,3
DA:92,3
DA:105,0
DA:107,3
DA:108,3
DA:112,3
DA:130,3
DA:131,3
DA:142,0
DA:146,3
DA:147,0
DA:160,3
DA:161,3
DA:173,0
DA:174,3
LF:46
LH:41
BRDA:36,0,0,3
BRDA:36,0,1,3
BRDA:37,1,0,3
BRDA:37,1,1,3
BRDA:38,2,0,3
BRDA:38,2,1,3
BRDA:39,3,0,3
BRDA:39,3,1,3
BRDA:46,4,0,6
BRDA:46,4,1,3
BRDA:51,5,0,6
BRDA:51,5,1,3
BRDA:52,6,0,0
BRDA:52,6,1,6
BRDA:57,7,0,3
BRDA:57,7,1,3
BRDA:60,8,0,3
BRDA:60,8,1,3
BRDA:84,9,0,3
BRDA:84,9,1,6
BRDA:84,10,0,3
BRDA:84,10,1,3
BRDA:91,11,0,3
BRDA:91,11,1,0
BRDA:93,12,0,3
BRDA:93,12,1,3
BRDA:113,13,0,0
BRDA:113,13,1,0
BRDA:118,14,0,0
BRDA:118,14,1,0
BRDA:121,15,0,0
BRDA:121,15,1,0
BRDA:130,16,0,0
BRDA:130,16,1,0
BRDA:132,17,0,0
BRDA:132,17,1,0
BRDA:143,18,0,0
BRDA:153,19,0,0
BRDA:153,19,1,0
BRDA:160,20,0,0
BRDA:162,21,0,0
BRDA:162,21,1,0
BRDA:175,22,0,0
BRDA:175,22,1,0
BRDA:178,23,0,0
BRDA:178,23,1,0
BRF:46
BRH:24
end_of_record
TN:
SF:src\components\views\AiView.vue
FN:20,resetForm
FN:25,(anonymous_1)
FN:26,(anonymous_2)
FN:32,(anonymous_3)
FN:34,(anonymous_4)
FN:40,(anonymous_5)
FN:42,(anonymous_6)
FN:47,(anonymous_7)
FN:47,(anonymous_8)
FN:50,handleSubmit
FN:82,(anonymous_10)
FN:117,(anonymous_11)
FNF:12
FNH:10
FNDA:2,resetForm
FNDA:2,(anonymous_1)
FNDA:2,(anonymous_2)
FNDA:2,(anonymous_3)
FNDA:2,(anonymous_4)
FNDA:2,(anonymous_5)
FNDA:2,(anonymous_6)
FNDA:2,(anonymous_7)
FNDA:12,(anonymous_8)
FNDA:0,handleSubmit
FNDA:0,(anonymous_10)
FNDA:12,(anonymous_11)
DA:13,2
DA:14,2
DA:16,2
DA:21,2
DA:24,2
DA:25,2
DA:27,2
DA:32,2
DA:34,2
DA:35,2
DA:40,2
DA:41,2
DA:42,2
DA:46,2
DA:47,12
DA:51,0
DA:53,0
DA:58,0
DA:59,0
DA:65,2
DA:66,3
DA:67,3
DA:75,3
DA:79,3
DA:82,0
DA:95,3
DA:96,3
DA:105,3
DA:106,3
DA:108,3
DA:110,3
DA:112,3
DA:116,3
DA:117,12
DA:118,3
DA:129,3
DA:137,3
DA:146,3
DA:157,3
LF:39
LH:34
BRDA:35,0,0,2
BRDA:35,0,1,0
BRDA:41,1,0,2
BRDA:41,1,1,0
BRDA:47,2,0,2
BRDA:47,2,1,0
BRDA:55,3,0,0
BRDA:55,3,1,0
BRDA:58,4,0,0
BRDA:58,4,1,0
BRDA:68,5,0,2
BRDA:68,5,1,2
BRDA:80,6,0,2
BRDA:80,6,1,2
BRDA:82,7,0,2
BRDA:82,7,1,2
BRDA:88,8,0,2
BRDA:88,8,1,2
BRDA:97,9,0,2
BRDA:97,9,1,2
BRDA:104,10,0,2
BRDA:104,10,1,0
BRDA:107,11,0,2
BRDA:107,11,1,2
BRDA:111,12,0,2
BRDA:111,12,1,2
BRDA:120,13,0,12
BRDA:120,13,1,2
BRDA:122,14,0,12
BRDA:122,14,1,0
BRDA:130,15,0,2
BRDA:130,15,1,2
BRDA:138,16,0,2
BRDA:138,16,1,2
BRDA:147,17,0,2
BRDA:147,17,1,2
BRDA:158,18,0,2
BRDA:158,18,1,2
BRDA:162,19,0,2
BRDA:162,19,1,0
BRF:40
BRH:30
end_of_record
TN:
SF:src\components\views\BillingView.vue
FN:25,createEmptyLine
FN:33,resetForm
FN:41,(anonymous_2)
FN:42,(anonymous_3)
FN:48,(anonymous_4)
FN:50,(anonymous_5)
FN:56,(anonymous_6)
FN:58,(anonymous_7)
FN:59,(anonymous_8)
FN:84,(anonymous_9)
FN:86,(anonymous_10)
FN:96,(anonymous_11)
FN:98,(anonymous_12)
FN:103,(anonymous_13)
FN:104,(anonymous_14)
FN:114,(anonymous_15)
FN:116,(anonymous_16)
FN:120,notify
FN:127,addLineItem
FN:131,removeLineItem
FN:142,handleSubmit
FN:157,handleDownloadPdf
FN:159,(anonymous_22)
FN:186,(anonymous_23)
FN:188,(anonymous_24)
FN:196,(anonymous_25)
FN:207,(anonymous_26)
FN:223,(anonymous_27)
FN:226,(anonymous_28)
FN:228,(anonymous_29)
FN:236,(anonymous_30)
FN:239,(anonymous_31)
FN:287,(anonymous_32)
FN:303,(anonymous_33)
FN:324,(anonymous_34)
FN:327,(anonymous_35)
FN:333,(anonymous_36)
FN:389,(anonymous_37)
FNF:38
FNH:34
FNDA:8,createEmptyLine
FNDA:6,resetForm
FNDA:6,(anonymous_2)
FNDA:6,(anonymous_3)
FNDA:6,(anonymous_4)
FNDA:6,(anonymous_5)
FNDA:12,(anonymous_6)
FNDA:15,(anonymous_7)
FNDA:41,(anonymous_8)
FNDA:12,(anonymous_9)
FNDA:7,(anonymous_10)
FNDA:12,(anonymous_11)
FNDA:7,(anonymous_12)
FNDA:5,(anonymous_13)
FNDA:15,(anonymous_14)
FNDA:6,(anonymous_15)
FNDA:6,(anonymous_16)
FNDA:2,notify
FNDA:2,addLineItem
FNDA:3,removeLineItem
FNDA:0,handleSubmit
FNDA:1,handleDownloadPdf
FNDA:1,(anonymous_22)
FNDA:0,(anonymous_23)
FNDA:14,(anonymous_24)
FNDA:0,(anonymous_25)
FNDA:0,(anonymous_26)
FNDA:17,(anonymous_27)
FNDA:2,(anonymous_28)
FNDA:50,(anonymous_29)
FNDA:2,(anonymous_30)
FNDA:1,(anonymous_31)
FNDA:7,(anonymous_32)
FNDA:2,(anonymous_33)
FNDA:14,(anonymous_34)
FNDA:1,(anonymous_35)
FNDA:14,(anonymous_36)
FNDA:38,(anonymous_37)
DA:14,6
DA:15,6
DA:17,6
DA:23,6
DA:26,8
DA:34,6
DA:35,6
DA:36,6
DA:37,6
DA:40,6
DA:41,6
DA:43,6
DA:48,6
DA:50,6
DA:51,6
DA:56,6
DA:57,12
DA:59,41
DA:60,15
DA:62,15
DA:63,8
DA:66,7
DA:67,7
DA:69,7
DA:84,6
DA:85,12
DA:87,7
DA:88,7
DA:89,7
DA:90,7
DA:96,6
DA:97,12
DA:98,12
DA:99,7
DA:100,7
DA:103,12
DA:104,15
DA:106,5
DA:107,2
DA:111,12
DA:114,6
DA:115,6
DA:116,6
DA:121,2
DA:128,2
DA:132,3
DA:133,2
DA:136,2
DA:139,1
DA:143,0
DA:150,0
DA:152,0
DA:153,0
DA:158,1
DA:159,1
DA:160,1
DA:169,14
DA:170,4
DA:171,4
DA:179,4
DA:183,4
DA:184,4
DA:186,0
DA:188,14
DA:194,4
DA:196,0
DA:204,4
DA:207,0
DA:213,4
DA:222,4
DA:223,17
DA:224,4
DA:226,2
DA:228,50
DA:234,4
DA:236,2
DA:239,1
DA:251,4
DA:252,4
DA:260,4
DA:261,4
DA:263,4
DA:265,4
DA:267,4
DA:269,4
DA:271,4
DA:273,4
DA:275,4
DA:279,4
DA:287,7
DA:295,4
DA:303,2
DA:314,4
DA:323,14
DA:327,1
DA:329,4
DA:332,4
DA:333,14
DA:338,4
DA:339,4
DA:347,4
DA:356,4
DA:357,4
DA:359,4
DA:361,4
DA:363,4
DA:365,4
DA:367,4
DA:369,4
DA:371,4
DA:387,4
DA:388,38
DA:393,4
DA:395,4
LF:114
LH:107
BRDA:51,0,0,6
BRDA:51,0,1,0
BRDA:60,1,0,15
BRDA:60,1,1,0
BRDA:62,2,0,8
BRDA:62,2,1,7
BRDA:62,3,0,15
BRDA:62,3,1,7
BRDA:99,4,0,7
BRDA:99,4,1,5
BRDA:106,5,0,2
BRDA:106,5,1,3
BRDA:106,6,0,5
BRDA:106,6,1,5
BRDA:106,6,2,5
BRDA:115,7,0,6
BRDA:115,7,1,0
BRDA:116,8,0,6
BRDA:116,8,1,0
BRDA:123,9,0,2
BRDA:123,9,1,2
BRDA:132,10,0,2
BRDA:132,10,1,1
BRDA:152,11,0,0
BRDA:152,11,1,0
BRDA:158,12,0,0
BRDA:158,12,1,1
BRDA:172,13,0,14
BRDA:172,13,1,6
BRDA:185,14,0,14
BRDA:185,14,1,6
BRDA:186,15,0,14
BRDA:186,15,1,6
BRDA:187,16,0,14
BRDA:187,16,1,6
BRDA:195,17,0,14
BRDA:195,17,1,6
BRDA:196,18,0,14
BRDA:196,18,1,6
BRDA:205,19,0,14
BRDA:205,19,1,6
BRDA:207,20,0,14
BRDA:207,20,1,6
BRDA:215,21,0,14
BRDA:215,21,1,6
BRDA:225,22,0,17
BRDA:225,22,1,6
BRDA:227,23,0,17
BRDA:227,23,1,6
BRDA:235,24,0,17
BRDA:235,24,1,6
BRDA:244,25,0,14
BRDA:244,25,1,6
BRDA:253,26,0,14
BRDA:253,26,1,6
BRDA:262,27,0,14
BRDA:262,27,1,6
BRDA:266,28,0,14
BRDA:266,28,1,6
BRDA:270,29,0,14
BRDA:270,29,1,6
BRDA:274,30,0,14
BRDA:274,30,1,6
BRDA:280,31,0,14
BRDA:280,31,1,6
BRDA:286,32,0,5
BRDA:286,32,1,9
BRDA:296,33,0,14
BRDA:296,33,1,6
BRDA:302,34,0,2
BRDA:302,34,1,12
BRDA:305,35,0,2
BRDA:305,35,1,1
BRDA:315,36,0,14
BRDA:315,36,1,6
BRDA:322,37,0,14
BRDA:322,37,1,0
BRDA:333,38,0,14
BRDA:333,38,1,0
BRDA:348,39,0,14
BRDA:348,39,1,6
BRDA:355,40,0,14
BRDA:355,40,1,0
BRDA:358,41,0,14
BRDA:358,41,1,6
BRDA:362,42,0,14
BRDA:362,42,1,6
BRDA:363,43,0,14
BRDA:363,43,1,0
BRDA:366,44,0,14
BRDA:366,44,1,6
BRDA:370,45,0,14
BRDA:370,45,1,6
BRDA:373,46,0,14
BRDA:373,46,1,0
BRDA:382,47,0,14
BRDA:382,47,1,0
BRF:97
BRH:84
end_of_record
TN:
SF:src\components\views\DashboardView.vue
FN:22,(anonymous_0)
FN:23,(anonymous_1)
FN:26,(anonymous_2)
FN:27,(anonymous_3)
FN:30,(anonymous_4)
FN:31,(anonymous_5)
FN:34,(anonymous_6)
FN:36,(anonymous_7)
FN:47,(anonymous_8)
FN:54,(anonymous_9)
FN:55,(anonymous_10)
FN:57,(anonymous_11)
FN:70,(anonymous_12)
FN:81,(anonymous_13)
FN:109,(anonymous_14)
FN:110,(anonymous_15)
FN:168,(anonymous_16)
FN:192,(anonymous_17)
FN:233,(anonymous_18)
FN:252,(anonymous_19)
FN:270,(anonymous_20)
FNF:21
FNH:19
FNDA:4,(anonymous_0)
FNDA:4,(anonymous_1)
FNDA:4,(anonymous_2)
FNDA:4,(anonymous_3)
FNDA:4,(anonymous_4)
FNDA:9,(anonymous_5)
FNDA:4,(anonymous_6)
FNDA:4,(anonymous_7)
FNDA:20,(anonymous_8)
FNDA:4,(anonymous_9)
FNDA:20,(anonymous_10)
FNDA:20,(anonymous_11)
FNDA:4,(anonymous_12)
FNDA:24,(anonymous_13)
FNDA:4,(anonymous_14)
FNDA:9,(anonymous_15)
FNDA:5,(anonymous_16)
FNDA:0,(anonymous_17)
FNDA:0,(anonymous_18)
FNDA:24,(anonymous_19)
FNDA:9,(anonymous_20)
DA:17,4
DA:18,4
DA:19,4
DA:20,4
DA:22,4
DA:23,4
DA:26,4
DA:27,4
DA:30,4
DA:31,9
DA:34,4
DA:35,4
DA:36,4
DA:37,4
DA:38,4
DA:41,4
DA:47,20
DA:54,4
DA:55,20
DA:57,20
DA:70,4
DA:71,4
DA:72,4
DA:73,4
DA:75,4
DA:76,24
DA:77,24
DA:78,24
DA:81,24
DA:82,24
DA:83,24
DA:84,4
DA:86,20
DA:88,24
DA:91,24
DA:109,4
DA:110,4
DA:111,9
DA:112,9
DA:113,9
DA:116,4
DA:117,4
DA:119,4
DA:133,4
DA:134,3
DA:135,3
DA:137,3
DA:138,3
DA:140,3
DA:142,3
DA:145,3
DA:147,3
DA:148,3
DA:152,3
DA:154,3
DA:159,3
DA:160,3
DA:168,5
DA:171,3
DA:173,3
DA:181,3
DA:188,3
DA:192,0
DA:201,3
DA:208,3
DA:229,3
DA:233,0
DA:244,3
DA:251,3
DA:252,24
DA:255,3
DA:257,3
DA:262,3
DA:270,9
DA:271,3
DA:273,3
DA:276,3
LF:77
LH:75
BRDA:37,0,0,4
BRDA:37,0,1,4
BRDA:49,1,0,20
BRDA:49,1,1,16
BRDA:50,2,0,20
BRDA:50,2,1,16
BRDA:82,3,0,24
BRDA:82,3,1,24
BRDA:83,4,0,4
BRDA:83,4,1,20
BRDA:83,5,0,24
BRDA:83,5,1,4
BRDA:111,6,0,9
BRDA:111,6,1,2
BRDA:111,7,0,9
BRDA:111,7,1,1
BRDA:112,8,0,9
BRDA:112,8,1,9
BRDA:136,9,0,4
BRDA:136,9,1,4
BRDA:141,10,0,4
BRDA:141,10,1,4
BRDA:143,11,0,4
BRDA:143,11,1,4
BRDA:146,12,0,4
BRDA:146,12,1,4
BRDA:149,13,0,3
BRDA:149,13,1,1
BRDA:153,14,0,4
BRDA:153,14,1,4
BRDA:155,15,0,4
BRDA:155,15,1,4
BRDA:161,16,0,4
BRDA:161,16,1,4
BRDA:167,17,0,3
BRDA:167,17,1,1
BRDA:182,18,0,4
BRDA:182,18,1,4
BRDA:202,19,0,4
BRDA:202,19,1,4
BRDA:223,20,0,4
BRDA:223,20,1,4
BRDA:245,21,0,4
BRDA:245,21,1,4
BRDA:263,22,0,4
BRDA:263,22,1,4
BRDA:269,23,0,4
BRDA:269,23,1,0
BRF:48
BRH:47
end_of_record
TN:
SF:src\components\views\InventoryView.vue
FN:38,addKitComponent
FN:45,removeKitComponent
FN:49,viewReceipt
FN:55,resetForm
FN:79,toggleAuditMode
FN:85,(anonymous_5)
FN:93,handlePhotoUpload
FN:106,saveAudit
FN:107,(anonymous_8)
FN:113,(anonymous_9)
FN:114,(anonymous_10)
FN:133,handleTransfer
FN:141,(anonymous_12)
FN:142,(anonymous_13)
FN:143,(anonymous_14)
FN:150,confirmReceiveTransfer
FN:155,printRemision
FN:181,(anonymous_17)
FN:185,(anonymous_18)
FN:186,(anonymous_19)
FN:192,(anonymous_20)
FN:194,(anonymous_21)
FN:200,(anonymous_22)
FN:201,(anonymous_23)
FN:204,handleSubmit
FN:217,handleFileUpload
FN:232,exportCSV
FN:234,(anonymous_27)
FN:235,(anonymous_28)
FN:252,(anonymous_29)
FN:253,(anonymous_30)
FN:254,(anonymous_31)
FN:273,(anonymous_32)
FN:278,(anonymous_33)
FN:285,(anonymous_34)
FN:290,(anonymous_35)
FN:295,(anonymous_36)
FN:302,(anonymous_37)
FN:307,(anonymous_38)
FN:312,(anonymous_39)
FN:319,(anonymous_40)
FN:324,(anonymous_41)
FN:329,(anonymous_42)
FN:336,(anonymous_43)
FN:343,(anonymous_44)
FN:353,(anonymous_45)
FN:355,(anonymous_46)
FN:355,(anonymous_47)
FN:362,(anonymous_48)
FN:367,(anonymous_49)
FN:368,(anonymous_50)
FN:369,(anonymous_51)
FN:412,(anonymous_52)
FN:428,(anonymous_53)
FN:429,(anonymous_54)
FN:430,(anonymous_55)
FN:438,(anonymous_56)
FN:441,(anonymous_57)
FN:449,(anonymous_58)
FN:449,(anonymous_59)
FN:476,(anonymous_60)
FN:495,(anonymous_61)
FN:505,(anonymous_62)
FN:529,(anonymous_63)
FN:531,(anonymous_64)
FN:531,(anonymous_65)
FN:536,(anonymous_66)
FN:537,(anonymous_67)
FN:542,(anonymous_68)
FN:543,(anonymous_69)
FN:548,(anonymous_70)
FN:562,(anonymous_71)
FN:565,(anonymous_72)
FN:565,(anonymous_73)
FN:568,(anonymous_74)
FN:570,(anonymous_75)
FN:592,(anonymous_76)
FN:597,(anonymous_77)
FN:602,(anonymous_78)
FN:624,(anonymous_79)
FN:642,(anonymous_80)
FN:645,(anonymous_81)
FNF:82
FNH:43
FNDA:1,addKitComponent
FNDA:0,removeKitComponent
FNDA:0,viewReceipt
FNDA:13,resetForm
FNDA:4,toggleAuditMode
FNDA:10,(anonymous_5)
FNDA:2,handlePhotoUpload
FNDA:2,saveAudit
FNDA:2,(anonymous_8)
FNDA:2,(anonymous_9)
FNDA:3,(anonymous_10)
FNDA:1,handleTransfer
FNDA:0,(anonymous_12)
FNDA:0,(anonymous_13)
FNDA:0,(anonymous_14)
FNDA:1,confirmReceiveTransfer
FNDA:1,printRemision
FNDA:0,(anonymous_17)
FNDA:13,(anonymous_18)
FNDA:13,(anonymous_19)
FNDA:13,(anonymous_20)
FNDA:13,(anonymous_21)
FNDA:13,(anonymous_22)
FNDA:25,(anonymous_23)
FNDA:1,handleSubmit
FNDA:0,handleFileUpload
FNDA:0,exportCSV
FNDA:0,(anonymous_27)
FNDA:0,(anonymous_28)
FNDA:0,(anonymous_29)
FNDA:2,(anonymous_30)
FNDA:0,(anonymous_31)
FNDA:2,(anonymous_32)
FNDA:0,(anonymous_33)
FNDA:0,(anonymous_34)
FNDA:0,(anonymous_35)
FNDA:0,(anonymous_36)
FNDA:0,(anonymous_37)
FNDA:0,(anonymous_38)
FNDA:0,(anonymous_39)
FNDA:0,(anonymous_40)
FNDA:0,(anonymous_41)
FNDA:0,(anonymous_42)
FNDA:0,(anonymous_43)
FNDA:0,(anonymous_44)
FNDA:0,(anonymous_45)
FNDA:1,(anonymous_46)
FNDA:1,(anonymous_47)
FNDA:0,(anonymous_48)
FNDA:1,(anonymous_49)
FNDA:1,(anonymous_50)
FNDA:0,(anonymous_51)
FNDA:50,(anonymous_52)
FNDA:0,(anonymous_53)
FNDA:0,(anonymous_54)
FNDA:8,(anonymous_55)
FNDA:0,(anonymous_56)
FNDA:1,(anonymous_57)
FNDA:26,(anonymous_58)
FNDA:39,(anonymous_59)
FNDA:14,(anonymous_60)
FNDA:45,(anonymous_61)
FNDA:0,(anonymous_62)
FNDA:1,(anonymous_63)
FNDA:19,(anonymous_64)
FNDA:11,(anonymous_65)
FNDA:1,(anonymous_66)
FNDA:12,(anonymous_67)
FNDA:1,(anonymous_68)
FNDA:12,(anonymous_69)
FNDA:0,(anonymous_70)
FNDA:2,(anonymous_71)
FNDA:2,(anonymous_72)
FNDA:1,(anonymous_73)
FNDA:1,(anonymous_74)
FNDA:0,(anonymous_75)
FNDA:0,(anonymous_76)
FNDA:0,(anonymous_77)
FNDA:0,(anonymous_78)
FNDA:0,(anonymous_79)
FNDA:0,(anonymous_80)
FNDA:0,(anonymous_81)
DA:14,12
DA:15,12
DA:17,12
DA:35,12
DA:36,12
DA:39,1
DA:40,1
DA:41,1
DA:42,1
DA:46,0
DA:52,0
DA:56,13
DA:57,13
DA:58,13
DA:59,13
DA:60,13
DA:61,13
DA:62,13
DA:63,13
DA:64,13
DA:65,13
DA:66,13
DA:67,13
DA:68,13
DA:69,13
DA:70,13
DA:73,12
DA:76,12
DA:77,12
DA:80,4
DA:81,0
DA:82,0
DA:84,4
DA:85,4
DA:86,10
DA:87,4
DA:88,4
DA:94,2
DA:97,2
DA:107,2
DA:114,3
DA:115,2
DA:118,2
DA:119,1
DA:120,1
DA:121,1
DA:124,1
DA:125,1
DA:126,1
DA:130,12
DA:131,12
DA:134,1
DA:135,1
DA:136,1
DA:138,0
DA:139,0
DA:140,0
DA:141,0
DA:142,0
DA:143,0
DA:144,0
DA:145,0
DA:146,0
DA:151,1
DA:152,1
DA:156,1
DA:157,1
DA:158,1
DA:178,1
DA:179,1
DA:180,1
DA:181,1
DA:184,12
DA:185,13
DA:187,13
DA:192,13
DA:194,12
DA:195,13
DA:200,12
DA:201,25
DA:205,1
DA:207,1
DA:212,1
DA:213,0
DA:218,0
DA:219,0
DA:233,0
DA:234,0
DA:235,0
DA:237,0
DA:238,0
DA:241,0
DA:242,0
DA:243,0
DA:244,0
DA:245,0
DA:250,30
DA:252,0
DA:253,2
DA:254,0
DA:258,5
DA:266,5
DA:270,5
DA:271,5
DA:273,2
DA:276,5
DA:278,0
DA:282,5
DA:283,5
DA:285,0
DA:288,5
DA:290,0
DA:293,5
DA:295,0
DA:299,5
DA:300,5
DA:302,0
DA:305,5
DA:307,0
DA:310,5
DA:312,0
DA:316,5
DA:317,5
DA:319,0
DA:322,5
DA:324,0
DA:327,5
DA:329,0
DA:333,5
DA:334,5
DA:336,0
DA:343,0
DA:350,5
DA:353,0
DA:355,1
DA:362,0
DA:367,1
DA:368,1
DA:369,0
DA:381,5
DA:382,5
DA:383,5
DA:384,5
DA:412,50
DA:421,5
DA:427,5
DA:428,0
DA:429,0
DA:430,8
DA:438,0
DA:439,5
DA:441,1
DA:449,39
DA:475,5
DA:476,14
DA:477,5
DA:486,5
DA:495,45
DA:496,5
DA:503,5
DA:505,0
DA:517,5
DA:524,5
DA:526,5
DA:529,1
DA:531,19
DA:536,1
DA:537,12
DA:542,1
DA:543,12
DA:548,0
DA:554,5
DA:560,5
DA:562,2
DA:565,2
DA:568,1
DA:570,0
DA:587,5
DA:589,5
DA:590,5
DA:592,5
DA:595,5
DA:597,5
DA:600,5
DA:602,5
DA:623,5
DA:624,0
DA:625,5
DA:641,5
DA:642,0
DA:643,5
DA:644,5
DA:645,0
LF:193
LH:141
BRDA:39,0,0,0
BRDA:39,0,1,1
BRDA:39,1,0,1
BRDA:39,1,1,1
BRDA:80,2,0,0
BRDA:80,2,1,4
BRDA:86,3,0,4
BRDA:86,3,1,6
BRDA:86,4,0,10
BRDA:86,4,1,6
BRDA:87,5,0,4
BRDA:87,5,1,0
BRDA:88,6,0,4
BRDA:88,6,1,1
BRDA:115,7,0,2
BRDA:115,7,1,2
BRDA:115,8,0,2
BRDA:115,8,1,0
BRDA:118,9,0,1
BRDA:118,9,1,1
BRDA:126,10,0,1
BRDA:126,10,1,0
BRDA:134,11,0,1
BRDA:134,11,1,0
BRDA:140,12,0,0
BRDA:140,12,1,0
BRDA:156,13,0,0
BRDA:156,13,1,1
BRDA:157,14,0,1
BRDA:157,14,1,0
BRDA:195,15,0,12
BRDA:195,15,1,1
BRDA:209,16,0,1
BRDA:209,16,1,1
BRDA:212,17,0,0
BRDA:212,17,1,1
BRDA:219,18,0,0
BRDA:219,18,1,0
BRDA:252,19,0,30
BRDA:252,19,1,12
BRDA:253,20,0,30
BRDA:253,20,1,12
BRDA:254,21,0,30
BRDA:254,21,1,12
BRDA:257,22,0,23
BRDA:259,23,0,23
BRDA:259,23,1,12
BRDA:272,24,0,23
BRDA:272,24,1,12
BRDA:273,25,0,23
BRDA:273,25,1,12
BRDA:277,26,0,23
BRDA:277,26,1,12
BRDA:278,27,0,23
BRDA:278,27,1,12
BRDA:284,28,0,23
BRDA:284,28,1,12
BRDA:285,29,0,23
BRDA:285,29,1,12
BRDA:289,30,0,23
BRDA:289,30,1,12
BRDA:290,31,0,23
BRDA:290,31,1,12
BRDA:294,32,0,23
BRDA:294,32,1,12
BRDA:295,33,0,23
BRDA:295,33,1,12
BRDA:301,34,0,23
BRDA:301,34,1,12
BRDA:302,35,0,23
BRDA:302,35,1,12
BRDA:306,36,0,23
BRDA:306,36,1,12
BRDA:307,37,0,23
BRDA:307,37,1,12
BRDA:311,38,0,23
BRDA:311,38,1,12
BRDA:312,39,0,23
BRDA:312,39,1,12
BRDA:318,40,0,23
BRDA:318,40,1,12
BRDA:319,41,0,23
BRDA:319,41,1,12
BRDA:323,42,0,23
BRDA:323,42,1,12
BRDA:324,43,0,23
BRDA:324,43,1,12
BRDA:328,44,0,23
BRDA:328,44,1,12
BRDA:329,45,0,23
BRDA:329,45,1,12
BRDA:335,46,0,23
BRDA:335,46,1,12
BRDA:336,47,0,23
BRDA:336,47,1,12
BRDA:343,48,0,23
BRDA:343,48,1,12
BRDA:344,49,0,23
BRDA:344,49,1,12
BRDA:348,50,0,1
BRDA:349,51,0,1
BRDA:349,51,1,1
BRDA:352,52,0,1
BRDA:352,52,1,1
BRDA:353,53,0,1
BRDA:353,53,1,1
BRDA:354,54,0,1
BRDA:354,54,1,1
BRDA:355,55,0,1
BRDA:355,55,1,1
BRDA:361,56,0,1
BRDA:361,56,1,1
BRDA:362,57,0,1
BRDA:362,57,1,1
BRDA:366,58,0,1
BRDA:374,59,0,23
BRDA:374,59,1,12
BRDA:385,60,0,23
BRDA:385,60,1,12
BRDA:390,61,0,5
BRDA:390,61,1,18
BRDA:391,62,0,5
BRDA:391,62,1,18
BRDA:393,63,0,23
BRDA:393,63,1,12
BRDA:404,64,0,23
BRDA:404,64,1,0
BRDA:405,65,0,5
BRDA:405,65,1,18
BRDA:406,66,0,23
BRDA:406,66,1,12
BRDA:407,67,0,5
BRDA:407,67,1,18
BRDA:408,68,0,5
BRDA:409,69,0,18
BRDA:410,70,0,18
BRDA:412,71,0,11
BRDA:412,71,1,39
BRDA:415,72,0,0
BRDA:423,73,0,0
BRDA:426,74,0,5
BRDA:426,74,1,45
BRDA:426,75,0,50
BRDA:426,75,1,11
BRDA:426,75,2,7
BRDA:434,76,0,6
BRDA:436,77,0,6
BRDA:436,77,1,2
BRDA:437,78,0,5
BRDA:437,78,1,45
BRDA:437,79,0,50
BRDA:437,79,1,11
BRDA:437,79,2,7
BRDA:440,80,0,5
BRDA:440,80,1,4
BRDA:442,81,0,1
BRDA:445,82,0,6
BRDA:447,83,0,25
BRDA:447,83,1,25
BRDA:447,84,0,50
BRDA:447,84,1,39
BRDA:448,85,0,7
BRDA:448,85,1,18
BRDA:449,86,0,25
BRDA:449,86,1,0
BRDA:449,87,0,26
BRDA:449,87,1,5
BRDA:453,88,0,14
BRDA:455,89,0,14
BRDA:455,89,1,5
BRDA:457,90,0,39
BRDA:458,91,0,39
BRDA:461,92,0,5
BRDA:468,93,0,14
BRDA:469,94,0,14
BRDA:469,94,1,8
BRDA:479,95,0,14
BRDA:479,95,1,8
BRDA:487,96,0,23
BRDA:487,96,1,12
BRDA:494,97,0,22
BRDA:494,97,1,1
BRDA:498,98,0,44
BRDA:498,98,1,1
BRDA:502,99,0,45
BRDA:504,100,0,45
BRDA:504,100,1,0
BRDA:505,101,0,0
BRDA:505,102,0,45
BRDA:505,102,1,0
BRDA:516,103,0,7
BRDA:518,104,0,7
BRDA:518,104,1,3
BRDA:525,105,0,7
BRDA:525,105,1,3
BRDA:528,106,0,7
BRDA:528,106,1,3
BRDA:529,107,0,7
BRDA:529,107,1,3
BRDA:530,108,0,7
BRDA:530,108,1,3
BRDA:535,109,0,7
BRDA:535,109,1,3
BRDA:536,110,0,7
BRDA:536,110,1,3
BRDA:541,111,0,7
BRDA:541,111,1,3
BRDA:542,112,0,7
BRDA:542,112,1,3
BRDA:547,113,0,7
BRDA:547,113,1,3
BRDA:548,114,0,7
BRDA:548,114,1,3
BRDA:552,115,0,1
BRDA:554,116,0,1
BRDA:554,116,1,1
BRDA:561,117,0,7
BRDA:561,117,1,3
BRDA:562,118,0,6
BRDA:577,119,0,0
BRDA:581,120,0,0
BRDA:581,120,1,0
BRDA:588,121,0,0
BRDA:588,121,1,0
BRDA:591,122,0,0
BRDA:591,122,1,0
BRDA:593,123,0,0
BRDA:593,123,1,0
BRDA:596,124,0,0
BRDA:596,124,1,0
BRDA:598,125,0,0
BRDA:598,125,1,0
BRDA:601,126,0,0
BRDA:601,126,1,0
BRDA:603,127,0,0
BRDA:603,127,1,0
BRDA:609,128,0,0
BRDA:609,128,1,0
BRDA:616,129,0,0
BRDA:617,130,0,0
BRDA:617,130,1,0
BRDA:627,131,0,0
BRDA:627,131,1,0
BRDA:634,132,0,0
BRDA:635,133,0,0
BRDA:635,133,1,0
BRF:246
BRH:199
end_of_record
TN:
SF:src\components\views\ThirdPartiesView.vue
FN:24,resetForm
FN:33,(anonymous_1)
FN:34,(anonymous_2)
FN:40,(anonymous_3)
FN:42,(anonymous_4)
FN:48,(anonymous_5)
FN:49,(anonymous_6)
FN:52,handleSubmit
FN:84,(anonymous_8)
FN:93,(anonymous_9)
FN:100,(anonymous_10)
FN:105,(anonymous_11)
FN:112,(anonymous_12)
FN:141,(anonymous_13)
FNF:14
FNH:13
FNDA:4,resetForm
FNDA:3,(anonymous_1)
FNDA:3,(anonymous_2)
FNDA:3,(anonymous_3)
FNDA:3,(anonymous_4)
FNDA:3,(anonymous_5)
FNDA:4,(anonymous_6)
FNDA:1,handleSubmit
FNDA:0,(anonymous_8)
FNDA:1,(anonymous_9)
FNDA:1,(anonymous_10)
FNDA:1,(anonymous_11)
FNDA:1,(anonymous_12)
FNDA:3,(anonymous_13)
DA:13,3
DA:14,3
DA:16,3
DA:25,4
DA:26,4
DA:27,4
DA:28,4
DA:29,4
DA:32,3
DA:33,3
DA:35,3
DA:40,3
DA:42,3
DA:43,3
DA:48,3
DA:49,4
DA:53,1
DA:55,1
DA:60,1
DA:61,1
DA:67,8
DA:68,3
DA:69,3
DA:77,3
DA:81,3
DA:82,3
DA:84,0
DA:91,3
DA:93,1
DA:97,3
DA:98,3
DA:100,1
DA:103,3
DA:105,1
DA:109,3
DA:112,1
DA:126,3
DA:141,3
DA:144,3
DA:146,3
LF:40
LH:39
BRDA:43,0,0,3
BRDA:43,0,1,0
BRDA:57,1,0,1
BRDA:57,1,1,1
BRDA:60,2,0,1
BRDA:60,2,1,0
BRDA:70,3,0,8
BRDA:70,3,1,3
BRDA:83,4,0,8
BRDA:83,4,1,3
BRDA:84,5,0,8
BRDA:84,5,1,3
BRDA:92,6,0,8
BRDA:92,6,1,3
BRDA:93,7,0,8
BRDA:93,7,1,3
BRDA:99,8,0,8
BRDA:99,8,1,3
BRDA:100,9,0,8
BRDA:100,9,1,3
BRDA:104,10,0,8
BRDA:104,10,1,3
BRDA:105,11,0,8
BRDA:105,11,1,3
BRDA:110,12,0,8
BRDA:110,12,1,3
BRDA:112,13,0,8
BRDA:112,13,1,3
BRDA:119,14,0,8
BRDA:119,14,1,3
BRDA:127,15,0,8
BRDA:127,15,1,3
BRDA:134,16,0,1
BRDA:134,16,1,7
BRDA:135,17,0,1
BRDA:135,17,1,1
BRF:36
BRH:34
end_of_record
TN:
SF:src\components\views\UsersView.vue
FN:57,(anonymous_0)
FN:59,(anonymous_1)
FN:138,(anonymous_2)
FN:139,(anonymous_3)
FN:140,(anonymous_4)
FN:142,(anonymous_5)
FN:148,(anonymous_6)
FN:149,(anonymous_7)
FN:152,(anonymous_8)
FN:152,(anonymous_9)
FN:154,(anonymous_10)
FN:156,(anonymous_11)
FN:157,(anonymous_12)
FN:161,(anonymous_13)
FN:162,(anonymous_14)
FN:186,(anonymous_15)
FN:189,(anonymous_16)
FN:192,(anonymous_17)
FN:195,(anonymous_18)
FN:207,(anonymous_19)
FN:210,(anonymous_20)
FN:212,(anonymous_21)
FN:213,(anonymous_22)
FN:214,(anonymous_23)
FN:230,(anonymous_24)
FN:232,(anonymous_25)
FN:234,(anonymous_26)
FN:237,(anonymous_27)
FN:240,(anonymous_28)
FN:241,(anonymous_29)
FN:244,(anonymous_30)
FN:246,(anonymous_31)
FN:249,(anonymous_32)
FN:253,(anonymous_33)
FN:254,(anonymous_34)
FN:259,(anonymous_35)
FN:259,(anonymous_36)
FN:260,(anonymous_37)
FN:273,(anonymous_38)
FN:282,(anonymous_39)
FN:294,resetUserForm
FN:304,getSecurity
FN:306,(anonymous_42)
FN:317,getMembershipsForUser
FN:318,(anonymous_44)
FN:321,getActiveMembership
FN:323,(anonymous_46)
FN:327,getTenantName
FN:328,(anonymous_48)
FN:331,getTenantPrefix
FN:332,(anonymous_50)
FN:335,formatSessionLabel
FN:339,notify
FN:346,handleUserSubmit
FN:355,isSelected
FN:359,toggleRowSelection
FN:361,(anonymous_56)
FN:365,toggleAllRows
FN:366,(anonymous_58)
FN:369,clearSelection
FN:373,handleBulkAction
FN:387,handleToggleUserStatus
FN:391,handleForceReset
FN:395,handleGenerateTemporaryPassword
FN:399,handleRequireTwoFactor
FN:403,handleToggleTwoFactor
FN:407,handleRevokeSessions
FN:411,handleRevokeSession
FN:415,handleMembershipSubmit
FN:429,handleRemoveMembership
FN:442,hasPermission
FN:446,isInheritedPermission
FN:479,formatDiff
FN:483,processActionDiffs
FN:493,getRoleAccessDiffs
FN:522,handleDuplicateRolePermissions
FN:554,handleResendInvitation
FN:558,handleTrustFingerprint
FN:562,handleGenerateRecoveryCodes
FN:570,handleCopyRecoveryCodes
FN:579,handleDownloadRecoveryCodes
FN:599,handleScheduleDeactivation
FN:613,loadSecuritySettings
FN:614,(anonymous_83)
FN:644,saveSecuritySettings
FN:658,(anonymous_85)
FN:670,addIpToWhitelist
FN:685,removeIpFromWhitelist
FN:686,(anonymous_88)
FN:702,getModuleHelp
FN:706,getPermissionHelp
FN:710,getSessionBrowser
FN:714,getSessionOs
FN:718,getSessionFingerprint
FN:722,isSessionTrusted
FN:723,(anonymous_95)
FN:727,openSessionMap
FN:736,handleRefresh
FN:739,(anonymous_98)
FN:745,(anonymous_99)
FN:746,(anonymous_100)
FN:765,(anonymous_101)
FN:775,(anonymous_102)
FN:786,(anonymous_103)
FN:814,(anonymous_104)
FN:818,(anonymous_105)
FN:832,(anonymous_106)
FN:842,(anonymous_107)
FN:846,(anonymous_108)
FN:850,(anonymous_109)
FN:858,(anonymous_110)
FN:867,(anonymous_111)
FN:868,(anonymous_112)
FN:873,(anonymous_113)
FN:882,(anonymous_114)
FN:883,(anonymous_115)
FN:899,(anonymous_116)
FN:903,(anonymous_117)
FN:911,(anonymous_118)
FN:913,(anonymous_119)
FN:918,(anonymous_120)
FN:920,(anonymous_121)
FN:927,(anonymous_122)
FN:938,(anonymous_123)
FN:945,(anonymous_124)
FN:946,(anonymous_125)
FN:948,(anonymous_126)
FN:949,(anonymous_127)
FN:979,(anonymous_128)
FN:982,(anonymous_129)
FN:984,(anonymous_130)
FN:985,(anonymous_131)
FN:1003,(anonymous_132)
FN:1073,(anonymous_133)
FN:1074,(anonymous_134)
FN:1080,(anonymous_135)
FN:1084,(anonymous_136)
FN:1100,(anonymous_137)
FN:1106,(anonymous_138)
FN:1107,(anonymous_139)
FN:1111,(anonymous_140)
FN:1112,(anonymous_141)
FN:1117,(anonymous_142)
FN:1122,(anonymous_143)
FN:1135,(anonymous_144)
FN:1140,(anonymous_145)
FN:1145,(anonymous_146)
FN:1161,(anonymous_147)
FN:1165,(anonymous_148)
FN:1167,(anonymous_149)
FN:1172,(anonymous_150)
FN:1193,(anonymous_151)
FN:1194,(anonymous_152)
FN:1200,(anonymous_153)
FN:1205,(anonymous_154)
FN:1206,(anonymous_155)
FN:1220,(anonymous_156)
FN:1226,(anonymous_157)
FN:1231,(anonymous_158)
FN:1242,(anonymous_159)
FN:1259,(anonymous_160)
FN:1296,(anonymous_161)
FN:1297,(anonymous_162)
FN:1316,(anonymous_163)
FN:1319,(anonymous_164)
FN:1320,(anonymous_165)
FN:1340,(anonymous_166)
FN:1345,(anonymous_167)
FN:1346,(anonymous_168)
FN:1353,(anonymous_169)
FN:1354,(anonymous_170)
FN:1361,(anonymous_171)
FN:1382,(anonymous_172)
FN:1416,(anonymous_173)
FN:1437,(anonymous_174)
FN:1441,(anonymous_175)
FN:1443,(anonymous_176)
FN:1453,(anonymous_177)
FN:1456,(anonymous_178)
FN:1460,(anonymous_179)
FN:1464,(anonymous_180)
FN:1468,(anonymous_181)
FN:1473,(anonymous_182)
FN:1478,(anonymous_183)
FN:1483,(anonymous_184)
FN:1488,(anonymous_185)
FN:1492,(anonymous_186)
FN:1509,(anonymous_187)
FNF:188
FNH:101
FNDA:13,(anonymous_0)
FNDA:26,(anonymous_1)
FNDA:15,(anonymous_2)
FNDA:2,(anonymous_3)
FNDA:15,(anonymous_4)
FNDA:15,(anonymous_5)
FNDA:14,(anonymous_6)
FNDA:86,(anonymous_7)
FNDA:15,(anonymous_8)
FNDA:60,(anonymous_9)
FNDA:16,(anonymous_10)
FNDA:81,(anonymous_11)
FNDA:79,(anonymous_12)
FNDA:292,(anonymous_13)
FNDA:93,(anonymous_14)
FNDA:16,(anonymous_15)
FNDA:79,(anonymous_16)
FNDA:0,(anonymous_17)
FNDA:0,(anonymous_18)
FNDA:16,(anonymous_19)
FNDA:1,(anonymous_20)
FNDA:1,(anonymous_21)
FNDA:0,(anonymous_22)
FNDA:1,(anonymous_23)
FNDA:17,(anonymous_24)
FNDA:86,(anonymous_25)
FNDA:86,(anonymous_26)
FNDA:86,(anonymous_27)
FNDA:2,(anonymous_28)
FNDA:12,(anonymous_29)
FNDA:72,(anonymous_30)
FNDA:12,(anonymous_31)
FNDA:2,(anonymous_32)
FNDA:0,(anonymous_33)
FNDA:0,(anonymous_34)
FNDA:14,(anonymous_35)
FNDA:14,(anonymous_36)
FNDA:14,(anonymous_37)
FNDA:2,(anonymous_38)
FNDA:16,(anonymous_39)
FNDA:0,resetUserForm
FNDA:79,getSecurity
FNDA:244,(anonymous_42)
FNDA:79,getMembershipsForUser
FNDA:480,(anonymous_44)
FNDA:79,getActiveMembership
FNDA:359,(anonymous_46)
FNDA:39,getTenantName
FNDA:56,(anonymous_48)
FNDA:93,getTenantPrefix
FNDA:139,(anonymous_50)
FNDA:33,formatSessionLabel
FNDA:12,notify
FNDA:0,handleUserSubmit
FNDA:89,isSelected
FNDA:0,toggleRowSelection
FNDA:0,(anonymous_56)
FNDA:0,toggleAllRows
FNDA:0,(anonymous_58)
FNDA:1,clearSelection
FNDA:1,handleBulkAction
FNDA:1,handleToggleUserStatus
FNDA:1,handleForceReset
FNDA:0,handleGenerateTemporaryPassword
FNDA:0,handleRequireTwoFactor
FNDA:0,handleToggleTwoFactor
FNDA:1,handleRevokeSessions
FNDA:1,handleRevokeSession
FNDA:0,handleMembershipSubmit
FNDA:0,handleRemoveMembership
FNDA:126,hasPermission
FNDA:504,isInheritedPermission
FNDA:0,formatDiff
FNDA:0,processActionDiffs
FNDA:0,getRoleAccessDiffs
FNDA:2,handleDuplicateRolePermissions
FNDA:0,handleResendInvitation
FNDA:1,handleTrustFingerprint
FNDA:1,handleGenerateRecoveryCodes
FNDA:1,handleCopyRecoveryCodes
FNDA:1,handleDownloadRecoveryCodes
FNDA:0,handleScheduleDeactivation
FNDA:2,loadSecuritySettings
FNDA:2,(anonymous_83)
FNDA:1,saveSecuritySettings
FNDA:1,(anonymous_85)
FNDA:1,addIpToWhitelist
FNDA:1,removeIpFromWhitelist
FNDA:1,(anonymous_88)
FNDA:21,getModuleHelp
FNDA:18,getPermissionHelp
FNDA:4,getSessionBrowser
FNDA:4,getSessionOs
FNDA:4,getSessionFingerprint
FNDA:4,isSessionTrusted
FNDA:8,(anonymous_95)
FNDA:0,openSessionMap
FNDA:0,handleRefresh
FNDA:0,(anonymous_98)
FNDA:19,(anonymous_99)
FNDA:19,(anonymous_100)
FNDA:0,(anonymous_101)
FNDA:1,(anonymous_102)
FNDA:0,(anonymous_103)
FNDA:130,(anonymous_104)
FNDA:0,(anonymous_105)
FNDA:0,(anonymous_106)
FNDA:0,(anonymous_107)
FNDA:0,(anonymous_108)
FNDA:0,(anonymous_109)
FNDA:0,(anonymous_110)
FNDA:0,(anonymous_111)
FNDA:108,(anonymous_112)
FNDA:0,(anonymous_113)
FNDA:0,(anonymous_114)
FNDA:54,(anonymous_115)
FNDA:0,(anonymous_116)
FNDA:0,(anonymous_117)
FNDA:0,(anonymous_118)
FNDA:108,(anonymous_119)
FNDA:0,(anonymous_120)
FNDA:36,(anonymous_121)
FNDA:0,(anonymous_122)
FNDA:0,(anonymous_123)
FNDA:0,(anonymous_124)
FNDA:0,(anonymous_125)
FNDA:0,(anonymous_126)
FNDA:0,(anonymous_127)
FNDA:89,(anonymous_128)
FNDA:0,(anonymous_129)
FNDA:0,(anonymous_130)
FNDA:0,(anonymous_131)
FNDA:105,(anonymous_132)
FNDA:0,(anonymous_133)
FNDA:0,(anonymous_134)
FNDA:0,(anonymous_135)
FNDA:0,(anonymous_136)
FNDA:0,(anonymous_137)
FNDA:0,(anonymous_138)
FNDA:36,(anonymous_139)
FNDA:0,(anonymous_140)
FNDA:108,(anonymous_141)
FNDA:34,(anonymous_142)
FNDA:0,(anonymous_143)
FNDA:0,(anonymous_144)
FNDA:33,(anonymous_145)
FNDA:0,(anonymous_146)
FNDA:0,(anonymous_147)
FNDA:0,(anonymous_148)
FNDA:89,(anonymous_149)
FNDA:0,(anonymous_150)
FNDA:0,(anonymous_151)
FNDA:18,(anonymous_152)
FNDA:0,(anonymous_153)
FNDA:0,(anonymous_154)
FNDA:18,(anonymous_155)
FNDA:18,(anonymous_156)
FNDA:21,(anonymous_157)
FNDA:126,(anonymous_158)
FNDA:0,(anonymous_159)
FNDA:9,(anonymous_160)
FNDA:4,(anonymous_161)
FNDA:8,(anonymous_162)
FNDA:0,(anonymous_163)
FNDA:0,(anonymous_164)
FNDA:0,(anonymous_165)
FNDA:0,(anonymous_166)
FNDA:0,(anonymous_167)
FNDA:2,(anonymous_168)
FNDA:0,(anonymous_169)
FNDA:6,(anonymous_170)
FNDA:0,(anonymous_171)
FNDA:1,(anonymous_172)
FNDA:0,(anonymous_173)
FNDA:0,(anonymous_174)
FNDA:0,(anonymous_175)
FNDA:0,(anonymous_176)
FNDA:0,(anonymous_177)
FNDA:0,(anonymous_178)
FNDA:0,(anonymous_179)
FNDA:0,(anonymous_180)
FNDA:0,(anonymous_181)
FNDA:0,(anonymous_182)
FNDA:0,(anonymous_183)
FNDA:0,(anonymous_184)
FNDA:0,(anonymous_185)
FNDA:0,(anonymous_186)
FNDA:0,(anonymous_187)
DA:18,13
DA:19,13
DA:21,13
DA:22,13
DA:23,13
DA:24,13
DA:25,13
DA:26,13
DA:28,13
DA:36,13
DA:46,13
DA:50,13
DA:55,13
DA:57,13
DA:58,13
DA:59,13
DA:60,26
DA:64,13
DA:70,13
DA:77,13
DA:95,13
DA:96,13
DA:97,13
DA:98,13
DA:104,13
DA:112,13
DA:113,13
DA:129,13
DA:138,15
DA:139,13
DA:140,15
DA:142,13
DA:143,15
DA:148,13
DA:149,86
DA:152,60
DA:154,13
DA:155,16
DA:156,81
DA:158,79
DA:159,79
DA:160,79
DA:161,292
DA:162,93
DA:164,79
DA:186,13
DA:187,16
DA:189,16
DA:190,79
DA:192,79
DA:194,79
DA:195,0
DA:197,79
DA:202,79
DA:206,13
DA:207,16
DA:210,13
DA:211,1
DA:212,1
DA:213,0
DA:215,1
DA:216,1
DA:217,1
DA:218,1
DA:219,1
DA:221,1
DA:230,17
DA:232,86
DA:234,86
DA:237,86
DA:240,13
DA:241,12
DA:244,72
DA:246,12
DA:249,13
DA:250,2
DA:251,2
DA:253,0
DA:254,0
DA:258,13
DA:259,14
DA:261,14
DA:262,13
DA:265,14
DA:266,13
DA:269,14
DA:270,13
DA:273,14
DA:274,13
DA:280,13
DA:283,16
DA:284,0
DA:287,16
DA:288,16
DA:289,16
DA:295,0
DA:296,0
DA:297,0
DA:298,0
DA:299,0
DA:300,0
DA:301,0
DA:305,79
DA:306,244
DA:318,480
DA:322,79
DA:323,359
DA:328,56
DA:332,139
DA:336,33
DA:340,12
DA:347,0
DA:348,0
DA:350,0
DA:351,0
DA:356,89
DA:360,0
DA:361,0
DA:366,0
DA:370,1
DA:374,1
DA:380,1
DA:382,1
DA:383,1
DA:388,1
DA:392,1
DA:396,0
DA:400,0
DA:404,0
DA:408,1
DA:412,1
DA:416,0
DA:417,0
DA:420,0
DA:430,0
DA:431,0
DA:434,0
DA:443,126
DA:447,504
DA:480,0
DA:484,0
DA:485,0
DA:486,0
DA:487,0
DA:488,0
DA:494,0
DA:495,0
DA:496,0
DA:497,0
DA:500,0
DA:523,2
DA:524,1
DA:525,1
DA:527,1
DA:555,0
DA:559,1
DA:563,1
DA:564,1
DA:565,1
DA:566,1
DA:571,1
DA:572,0
DA:573,0
DA:575,1
DA:576,1
DA:585,1
DA:591,1
DA:592,1
DA:593,1
DA:594,1
DA:595,1
DA:596,1
DA:600,0
DA:601,0
DA:602,0
DA:604,0
DA:614,2
DA:615,2
DA:616,2
DA:617,2
DA:622,2
DA:626,0
DA:627,0
DA:638,0
DA:645,1
DA:650,0
DA:653,0
DA:654,0
DA:658,1
DA:659,1
DA:660,1
DA:665,1
DA:666,1
DA:671,1
DA:672,1
DA:673,0
DA:675,1
DA:676,0
DA:677,0
DA:679,1
DA:680,1
DA:681,1
DA:686,1
DA:703,21
DA:707,18
DA:711,4
DA:715,4
DA:719,4
DA:723,8
DA:724,4
DA:732,0
DA:733,0
DA:737,0
DA:738,0
DA:739,0
DA:740,0
DA:744,13
DA:745,19
DA:747,19
DA:748,2
DA:756,26
DA:757,4
DA:758,4
DA:762,4
DA:764,4
DA:765,0
DA:775,1
DA:786,0
DA:792,4
DA:793,4
DA:795,4
DA:797,4
DA:799,4
DA:801,4
DA:803,4
DA:805,4
DA:807,4
DA:813,130
DA:818,0
DA:825,4
DA:827,4
DA:832,0
DA:839,4
DA:840,4
DA:842,0
DA:844,4
DA:846,0
DA:848,4
DA:850,0
DA:854,4
DA:855,4
DA:858,0
DA:865,4
DA:867,0
DA:868,108
DA:871,4
DA:873,0
DA:880,4
DA:882,0
DA:883,54
DA:895,4
DA:896,4
DA:897,4
DA:899,0
DA:901,4
DA:903,0
DA:909,4
DA:911,0
DA:913,108
DA:916,4
DA:918,0
DA:920,36
DA:925,4
DA:927,0
DA:938,0
DA:945,0
DA:946,0
DA:948,0
DA:949,0
DA:957,4
DA:958,4
DA:961,4
DA:978,89
DA:982,0
DA:985,0
DA:990,4
DA:991,4
DA:999,4
DA:1002,4
DA:1003,105
DA:1036,4
DA:1040,4
DA:1047,4
DA:1054,4
DA:1055,4
DA:1059,4
DA:1063,4
DA:1067,4
DA:1072,4
DA:1073,0
DA:1074,0
DA:1080,0
DA:1084,0
DA:1090,4
DA:1098,4
DA:1100,0
DA:1106,0
DA:1107,36
DA:1111,0
DA:1112,108
DA:1116,4
DA:1117,34
DA:1120,4
DA:1122,0
DA:1129,4
DA:1130,4
DA:1135,0
DA:1140,33
DA:1143,4
DA:1145,0
DA:1151,4
DA:1158,4
DA:1159,4
DA:1161,0
DA:1163,4
DA:1165,0
DA:1167,89
DA:1172,0
DA:1182,4
DA:1183,4
DA:1191,4
DA:1193,0
DA:1194,18
DA:1198,4
DA:1199,4
DA:1200,0
DA:1203,4
DA:1205,0
DA:1206,18
DA:1215,4
DA:1216,4
DA:1220,18
DA:1226,21
DA:1231,126
DA:1242,0
DA:1251,4
DA:1252,4
DA:1258,4
DA:1259,9
DA:1264,4
DA:1277,4
DA:1278,4
DA:1296,4
DA:1297,8
DA:1316,0
DA:1319,0
DA:1320,0
DA:1329,4
DA:1338,4
DA:1340,0
DA:1342,4
DA:1343,4
DA:1345,0
DA:1346,2
DA:1351,4
DA:1353,0
DA:1354,6
DA:1358,4
DA:1361,0
DA:1373,4
DA:1380,4
DA:1381,1
DA:1392,4
DA:1416,0
DA:1423,4
DA:1429,4
DA:1430,4
DA:1435,4
DA:1436,4
DA:1437,0
DA:1440,4
DA:1441,0
DA:1443,0
DA:1448,4
DA:1450,4
DA:1451,4
DA:1453,0
DA:1455,4
DA:1456,0
DA:1459,4
DA:1460,0
DA:1463,4
DA:1464,0
DA:1467,4
DA:1468,0
DA:1471,4
DA:1473,0
DA:1476,4
DA:1478,0
DA:1481,4
DA:1483,0
DA:1486,4
DA:1488,0
DA:1491,4
DA:1492,0
DA:1498,4
DA:1509,0
LF:407
LH:284
BRDA:60,0,0,26
BRDA:60,0,1,0
BRDA:139,1,0,2
BRDA:139,1,1,0
BRDA:143,2,0,13
BRDA:143,2,1,2
BRDA:156,3,0,81
BRDA:156,3,1,10
BRDA:177,4,0,79
BRDA:177,4,1,32
BRDA:190,5,0,79
BRDA:190,5,1,0
BRDA:192,6,0,79
BRDA:192,6,1,0
BRDA:194,7,0,79
BRDA:194,7,1,0
BRDA:197,8,0,79
BRDA:197,8,1,0
BRDA:197,8,2,0
BRDA:197,8,3,0
BRDA:197,8,4,0
BRDA:197,8,5,0
BRDA:197,8,6,0
BRDA:197,8,7,0
BRDA:202,9,0,79
BRDA:202,9,1,79
BRDA:202,9,2,79
BRDA:202,9,3,79
BRDA:202,9,4,79
BRDA:202,9,5,0
BRDA:207,10,0,16
BRDA:207,10,1,2
BRDA:207,10,2,0
BRDA:219,11,0,1
BRDA:219,11,1,1
BRDA:234,12,0,86
BRDA:234,12,1,52
BRDA:244,13,0,72
BRDA:244,13,1,36
BRDA:250,14,0,2
BRDA:250,14,1,0
BRDA:261,15,0,13
BRDA:261,15,1,1
BRDA:265,16,0,13
BRDA:265,16,1,1
BRDA:269,17,0,13
BRDA:269,17,1,1
BRDA:273,18,0,13
BRDA:273,18,1,1
BRDA:273,19,0,14
BRDA:273,19,1,1
BRDA:274,20,0,13
BRDA:274,20,1,0
BRDA:283,21,0,0
BRDA:283,21,1,16
BRDA:287,22,0,16
BRDA:287,22,1,0
BRDA:288,23,0,16
BRDA:288,23,1,0
BRDA:289,24,0,16
BRDA:289,24,1,0
BRDA:306,25,0,79
BRDA:306,25,1,0
BRDA:323,26,0,359
BRDA:323,26,1,79
BRDA:328,27,0,39
BRDA:328,27,1,0
BRDA:332,28,0,93
BRDA:332,28,1,0
BRDA:342,29,0,12
BRDA:342,29,1,8
BRDA:350,30,0,0
BRDA:350,30,1,0
BRDA:360,31,0,0
BRDA:360,31,1,0
BRDA:366,32,0,0
BRDA:366,32,1,0
BRDA:382,33,0,1
BRDA:382,33,1,0
BRDA:416,34,0,0
BRDA:416,34,1,0
BRDA:430,35,0,0
BRDA:430,35,1,0
BRDA:443,36,0,126
BRDA:443,36,1,0
BRDA:480,37,0,0
BRDA:480,37,1,0
BRDA:480,38,0,0
BRDA:480,38,1,0
BRDA:487,39,0,0
BRDA:487,39,1,0
BRDA:523,40,0,1
BRDA:523,40,1,1
BRDA:565,41,0,1
BRDA:565,41,1,0
BRDA:566,42,0,1
BRDA:566,42,1,0
BRDA:571,43,0,0
BRDA:571,43,1,1
BRDA:571,44,0,1
BRDA:571,44,1,1
BRDA:571,44,2,1
BRDA:600,45,0,0
BRDA:600,45,1,0
BRDA:608,46,0,0
BRDA:608,46,1,0
BRDA:615,47,0,2
BRDA:615,47,1,0
BRDA:616,48,0,2
BRDA:616,48,1,0
BRDA:619,49,0,2
BRDA:619,49,1,0
BRDA:620,50,0,2
BRDA:620,50,1,0
BRDA:645,51,0,0
BRDA:645,51,1,1
BRDA:646,52,0,1
BRDA:646,52,1,0
BRDA:646,52,2,0
BRDA:653,53,0,0
BRDA:653,53,1,0
BRDA:659,54,0,1
BRDA:659,54,1,0
BRDA:672,55,0,0
BRDA:672,55,1,1
BRDA:675,56,0,0
BRDA:675,56,1,1
BRDA:679,57,0,1
BRDA:679,57,1,0
BRDA:703,58,0,21
BRDA:703,58,1,0
BRDA:707,59,0,18
BRDA:707,59,1,0
BRDA:711,60,0,4
BRDA:711,60,1,0
BRDA:715,61,0,4
BRDA:715,61,1,0
BRDA:719,62,0,4
BRDA:719,62,1,3
BRDA:747,63,0,2
BRDA:747,63,1,17
BRDA:760,64,0,26
BRDA:760,64,1,13
BRDA:761,65,0,26
BRDA:761,65,1,13
BRDA:765,66,0,26
BRDA:765,66,1,13
BRDA:773,67,0,0
BRDA:773,67,1,26
BRDA:775,68,0,26
BRDA:775,68,1,13
BRDA:775,69,0,1
BRDA:775,69,1,1
BRDA:786,70,0,26
BRDA:786,70,1,13
BRDA:794,71,0,26
BRDA:794,71,1,13
BRDA:798,72,0,26
BRDA:798,72,1,13
BRDA:802,73,0,26
BRDA:802,73,1,13
BRDA:806,74,0,26
BRDA:806,74,1,13
BRDA:824,75,0,18
BRDA:824,75,1,8
BRDA:828,76,0,18
BRDA:828,76,1,13
BRDA:832,77,0,18
BRDA:832,77,1,13
BRDA:833,78,0,0
BRDA:833,78,1,18
BRDA:838,79,0,18
BRDA:838,79,1,16
BRDA:841,80,0,18
BRDA:841,80,1,13
BRDA:842,81,0,18
BRDA:842,81,1,13
BRDA:845,82,0,18
BRDA:845,82,1,13
BRDA:846,83,0,18
BRDA:846,83,1,13
BRDA:849,84,0,18
BRDA:849,84,1,13
BRDA:850,85,0,18
BRDA:850,85,1,13
BRDA:856,86,0,18
BRDA:856,86,1,13
BRDA:858,87,0,18
BRDA:858,87,1,13
BRDA:866,88,0,18
BRDA:866,88,1,13
BRDA:867,89,0,18
BRDA:867,89,1,13
BRDA:872,90,0,18
BRDA:872,90,1,13
BRDA:873,91,0,18
BRDA:873,91,1,13
BRDA:881,92,0,18
BRDA:881,92,1,13
BRDA:882,93,0,18
BRDA:882,93,1,13
BRDA:885,94,0,18
BRDA:885,94,1,13
BRDA:888,95,0,18
BRDA:888,95,1,13
BRDA:898,96,0,18
BRDA:898,96,1,13
BRDA:899,97,0,18
BRDA:899,97,1,13
BRDA:902,98,0,18
BRDA:902,98,1,13
BRDA:903,99,0,18
BRDA:903,99,1,13
BRDA:910,100,0,18
BRDA:910,100,1,13
BRDA:911,101,0,18
BRDA:911,101,1,13
BRDA:912,102,0,18
BRDA:912,102,1,13
BRDA:917,103,0,18
BRDA:917,103,1,13
BRDA:918,104,0,18
BRDA:918,104,1,13
BRDA:919,105,0,18
BRDA:919,105,1,13
BRDA:926,106,0,18
BRDA:926,106,1,13
BRDA:927,107,0,18
BRDA:927,107,1,13
BRDA:936,108,0,0
BRDA:938,109,0,0
BRDA:938,109,1,0
BRDA:945,110,0,0
BRDA:945,111,0,0
BRDA:945,111,1,0
BRDA:948,112,0,0
BRDA:948,113,0,0
BRDA:948,113,1,0
BRDA:963,114,0,18
BRDA:963,114,1,18
BRDA:968,115,0,18
BRDA:968,115,1,13
BRDA:969,116,0,18
BRDA:969,116,1,13
BRDA:970,117,0,18
BRDA:970,117,1,13
BRDA:971,118,0,18
BRDA:971,118,1,13
BRDA:972,119,0,18
BRDA:972,119,1,13
BRDA:973,120,0,18
BRDA:973,120,1,13
BRDA:974,121,0,18
BRDA:974,121,1,13
BRDA:984,122,0,89
BRDA:984,122,1,13
BRDA:989,123,0,16
BRDA:994,124,0,89
BRDA:994,124,1,0
BRDA:995,125,0,89
BRDA:995,125,1,0
BRDA:999,126,0,89
BRDA:999,126,1,36
BRDA:1004,127,0,0
BRDA:1009,128,0,52
BRDA:1018,129,0,52
BRDA:1027,130,0,16
BRDA:1027,130,1,73
BRDA:1035,131,0,18
BRDA:1038,132,0,18
BRDA:1038,132,1,13
BRDA:1042,133,0,0
BRDA:1042,133,1,18
BRDA:1043,134,0,0
BRDA:1043,134,1,18
BRDA:1048,135,0,18
BRDA:1048,135,1,13
BRDA:1056,136,0,18
BRDA:1056,136,1,13
BRDA:1057,137,0,1
BRDA:1057,137,1,17
BRDA:1060,138,0,18
BRDA:1060,138,1,13
BRDA:1061,139,0,0
BRDA:1061,139,1,18
BRDA:1064,140,0,18
BRDA:1064,140,1,13
BRDA:1065,141,0,18
BRDA:1065,141,1,0
BRDA:1068,142,0,18
BRDA:1068,142,1,13
BRDA:1069,143,0,18
BRDA:1069,143,1,0
BRDA:1073,144,0,18
BRDA:1073,144,1,13
BRDA:1074,145,0,18
BRDA:1074,145,1,13
BRDA:1080,146,0,18
BRDA:1080,146,1,13
BRDA:1082,147,0,18
BRDA:1082,147,1,0
BRDA:1084,148,0,18
BRDA:1084,148,1,13
BRDA:1085,149,0,18
BRDA:1085,149,1,0
BRDA:1091,150,0,18
BRDA:1091,150,1,13
BRDA:1100,151,0,18
BRDA:1100,151,1,13
BRDA:1106,152,0,18
BRDA:1106,152,1,13
BRDA:1111,153,0,18
BRDA:1111,153,1,13
BRDA:1114,154,0,18
BRDA:1114,154,1,13
BRDA:1131,155,0,18
BRDA:1131,155,1,13
BRDA:1135,156,0,18
BRDA:1135,156,1,13
BRDA:1139,157,0,17
BRDA:1139,157,1,1
BRDA:1152,158,0,18
BRDA:1152,158,1,13
BRDA:1160,159,0,18
BRDA:1160,159,1,13
BRDA:1161,160,0,18
BRDA:1161,160,1,13
BRDA:1164,161,0,18
BRDA:1164,161,1,13
BRDA:1165,162,0,18
BRDA:1165,162,1,13
BRDA:1166,163,0,18
BRDA:1166,163,1,13
BRDA:1172,164,0,18
BRDA:1172,164,1,13
BRDA:1181,165,0,3
BRDA:1181,165,1,5
BRDA:1184,166,0,3
BRDA:1184,166,1,2
BRDA:1192,167,0,3
BRDA:1192,167,1,2
BRDA:1193,168,0,3
BRDA:1193,168,1,2
BRDA:1200,169,0,3
BRDA:1200,169,1,2
BRDA:1201,170,0,3
BRDA:1201,170,1,2
BRDA:1204,171,0,3
BRDA:1204,171,1,2
BRDA:1205,172,0,3
BRDA:1205,172,1,2
BRDA:1219,173,0,3
BRDA:1219,173,1,2
BRDA:1235,174,0,126
BRDA:1254,175,0,3
BRDA:1254,175,1,2
BRDA:1262,176,0,9
BRDA:1262,176,1,2
BRDA:1270,177,0,1
BRDA:1270,177,1,4
BRDA:1271,178,0,1
BRDA:1271,178,1,1
BRDA:1279,179,0,1
BRDA:1279,179,1,1
BRDA:1297,180,0,4
BRDA:1297,180,1,0
BRDA:1304,181,0,0
BRDA:1304,181,1,4
BRDA:1311,182,0,0
BRDA:1311,182,1,4
BRDA:1312,183,0,0
BRDA:1312,183,1,4
BRDA:1316,184,0,4
BRDA:1328,185,0,1
BRDA:1328,185,1,3
BRDA:1330,186,0,1
BRDA:1330,186,1,1
BRDA:1339,187,0,1
BRDA:1339,187,1,1
BRDA:1340,188,0,1
BRDA:1340,188,1,1
BRDA:1344,189,0,1
BRDA:1344,189,1,1
BRDA:1345,190,0,1
BRDA:1345,190,1,1
BRDA:1352,191,0,1
BRDA:1352,191,1,1
BRDA:1353,192,0,1
BRDA:1353,192,1,1
BRDA:1359,193,0,1
BRDA:1359,193,1,1
BRDA:1361,194,0,1
BRDA:1361,194,1,1
BRDA:1366,195,0,1
BRDA:1366,195,1,1
BRDA:1374,196,0,1
BRDA:1374,196,1,1
BRDA:1394,197,0,0
BRDA:1394,197,1,1
BRDA:1395,198,0,0
BRDA:1395,198,1,1
BRDA:1400,199,0,1
BRDA:1403,200,0,0
BRDA:1406,201,0,0
BRDA:1422,202,0,3
BRDA:1425,203,0,3
BRDA:1425,203,1,2
BRDA:1431,204,0,3
BRDA:1431,204,1,2
BRDA:1432,205,0,3
BRDA:1432,205,1,2
BRDA:1435,206,0,3
BRDA:1435,206,1,2
BRDA:1435,207,0,3
BRDA:1435,207,1,0
BRDA:1437,208,0,3
BRDA:1437,208,1,2
BRDA:1449,209,0,3
BRDA:1449,209,1,2
BRDA:1452,210,0,3
BRDA:1452,210,1,2
BRDA:1453,211,0,3
BRDA:1453,211,1,2
BRDA:1456,212,0,3
BRDA:1456,212,1,2
BRDA:1457,213,0,3
BRDA:1457,213,1,2
BRDA:1460,214,0,3
BRDA:1460,214,1,2
BRDA:1461,215,0,3
BRDA:1461,215,1,2
BRDA:1464,216,0,3
BRDA:1464,216,1,2
BRDA:1465,217,0,3
BRDA:1465,217,1,2
BRDA:1468,218,0,3
BRDA:1468,218,1,2
BRDA:1469,219,0,3
BRDA:1469,219,1,2
BRDA:1472,220,0,3
BRDA:1472,220,1,2
BRDA:1473,221,0,3
BRDA:1473,221,1,2
BRDA:1474,222,0,3
BRDA:1474,222,1,2
BRDA:1477,223,0,3
BRDA:1477,223,1,2
BRDA:1478,224,0,3
BRDA:1478,224,1,2
BRDA:1479,225,0,3
BRDA:1479,225,1,2
BRDA:1482,226,0,3
BRDA:1482,226,1,2
BRDA:1483,227,0,3
BRDA:1483,227,1,2
BRDA:1484,228,0,3
BRDA:1484,228,1,2
BRDA:1487,229,0,3
BRDA:1487,229,1,2
BRDA:1488,230,0,3
BRDA:1488,230,1,2
BRDA:1489,231,0,3
BRDA:1489,231,1,2
BRDA:1492,232,0,3
BRDA:1492,232,1,2
BRDA:1493,233,0,3
BRDA:1493,233,1,2
BRDA:1500,234,0,3
BRDA:1504,235,0,0
BRDA:1511,236,0,0
BRDA:1511,236,1,0
BRF:471
BRH:373
end_of_record
TN:
SF:src\composables\useToasts.js
FN:5,pushToast
FN:18,(anonymous_1)
FN:19,(anonymous_2)
FN:23,clearToasts
FN:27,useToasts
FNF:5
FNH:5
FNDA:3,pushToast
FNDA:1,(anonymous_1)
FNDA:1,(anonymous_2)
FNDA:466,clearToasts
FNDA:7,useToasts
DA:3,54
DA:6,3
DA:7,1
DA:10,2
DA:16,2
DA:18,2
DA:19,1
DA:24,466
DA:28,7
LF:9
LH:9
BRDA:5,0,0,3
BRDA:6,1,0,1
BRDA:6,1,1,2
BRF:3
BRH:3
end_of_record
TN:
SF:src\services\authApi.ts
FN:65,getApiBaseUrl
FN:70,getAuthToken
FN:78,storeAuthToken
FN:86,clearAuthToken
FN:94,readResponseBody
FN:113,extractErrorMessage
FN:124,requestJson
FN:151,loginWithBackend
FN:158,fetchCurrentAuthSession
FN:169,revokeBackendSession
FNF:10
FNH:10
FNDA:4,getApiBaseUrl
FNDA:30,getAuthToken
FNDA:4,storeAuthToken
FNDA:7,clearAuthToken
FNDA:4,readResponseBody
FNDA:1,extractErrorMessage
FNDA:4,requestJson
FNDA:2,loginWithBackend
FNDA:2,fetchCurrentAuthSession
FNDA:2,revokeBackendSession
DA:1,28
DA:2,28
DA:66,4
DA:67,4
DA:71,30
DA:72,0
DA:75,30
DA:79,4
DA:80,0
DA:83,4
DA:87,7
DA:88,0
DA:91,7
DA:95,4
DA:97,4
DA:98,4
DA:101,0
DA:102,0
DA:103,0
DA:106,0
DA:107,0
DA:109,0
DA:114,1
DA:115,1
DA:116,1
DA:117,1
DA:121,0
DA:125,4
DA:127,4
DA:128,2
DA:131,4
DA:132,2
DA:135,4
DA:142,4
DA:144,4
DA:145,1
DA:148,3
DA:152,2
DA:159,2
DA:160,2
DA:161,1
DA:164,1
DA:170,2
DA:172,2
DA:173,2
DA:174,1
DA:177,1
DA:182,2
LF:48
LH:38
BRDA:66,0,0,4
BRDA:66,0,1,4
BRDA:67,1,0,0
BRDA:67,1,1,4
BRDA:71,2,0,0
BRDA:71,2,1,30
BRDA:75,3,0,30
BRDA:75,3,1,20
BRDA:79,4,0,0
BRDA:79,4,1,4
BRDA:87,5,0,0
BRDA:87,5,1,7
BRDA:95,6,0,4
BRDA:95,6,1,0
BRDA:97,7,0,4
BRDA:97,7,1,0
BRDA:102,8,0,0
BRDA:102,8,1,0
BRDA:114,9,0,1
BRDA:114,9,1,0
BRDA:114,10,0,1
BRDA:114,10,1,1
BRDA:114,10,2,1
BRDA:116,11,0,1
BRDA:116,11,1,0
BRDA:116,12,0,1
BRDA:116,12,1,1
BRDA:124,13,0,4
BRDA:127,14,0,2
BRDA:127,14,1,2
BRDA:131,15,0,2
BRDA:131,15,1,2
BRDA:136,16,0,4
BRDA:136,16,1,1
BRDA:138,17,0,2
BRDA:138,17,1,2
BRDA:144,18,0,1
BRDA:144,18,1,3
BRDA:160,19,0,1
BRDA:160,19,1,1
BRDA:173,20,0,1
BRDA:173,20,1,1
BRF:42
BRH:32
end_of_record
TN:
SF:src\services\businessApi.ts
FN:5,getApiBaseUrl
FN:10,request
FN:27,(anonymous_2)
FN:36,(anonymous_3)
FN:39,(anonymous_4)
FN:44,(anonymous_5)
FN:48,(anonymous_6)
FN:53,(anonymous_7)
FN:56,(anonymous_8)
FN:61,(anonymous_9)
FN:66,(anonymous_10)
FN:70,(anonymous_11)
FN:75,(anonymous_12)
FN:78,(anonymous_13)
FN:81,(anonymous_14)
FN:86,(anonymous_15)
FN:91,(anonymous_16)
FN:94,(anonymous_17)
FN:97,(anonymous_18)
FN:100,(anonymous_19)
FNF:20
FNH:11
FNDA:11,getApiBaseUrl
FNDA:11,request
FNDA:0,(anonymous_2)
FNDA:1,(anonymous_3)
FNDA:0,(anonymous_4)
FNDA:1,(anonymous_5)
FNDA:0,(anonymous_6)
FNDA:3,(anonymous_7)
FNDA:0,(anonymous_8)
FNDA:1,(anonymous_9)
FNDA:1,(anonymous_10)
FNDA:0,(anonymous_11)
FNDA:0,(anonymous_12)
FNDA:0,(anonymous_13)
FNDA:0,(anonymous_14)
FNDA:0,(anonymous_15)
FNDA:1,(anonymous_16)
FNDA:1,(anonymous_17)
FNDA:1,(anonymous_18)
FNDA:1,(anonymous_19)
DA:3,24
DA:6,11
DA:7,11
DA:11,11
DA:12,11
DA:16,11
DA:17,1
DA:20,11
DA:26,7
DA:27,1
DA:28,1
DA:31,6
DA:34,24
DA:37,1
DA:40,0
DA:45,1
DA:46,1
DA:49,0
DA:54,3
DA:57,0
DA:62,1
DA:67,1
DA:68,1
DA:71,0
DA:76,0
DA:79,0
DA:82,0
DA:87,0
DA:92,1
DA:95,1
DA:98,1
DA:101,1
LF:32
LH:24
BRDA:6,0,0,11
BRDA:6,0,1,11
BRDA:7,1,0,0
BRDA:7,1,1,11
BRDA:10,2,0,11
BRDA:16,3,0,1
BRDA:16,3,1,10
BRDA:21,4,0,11
BRDA:21,4,1,10
BRDA:23,5,0,10
BRDA:23,5,1,1
BRDA:26,6,0,1
BRDA:26,6,1,6
BRDA:28,7,0,1
BRDA:28,7,1,0
BRDA:45,8,0,0
BRDA:45,8,1,1
BRDA:67,9,0,0
BRDA:67,9,1,1
BRF:19
BRH:15
end_of_record
TN:
SF:src\stores\accountingStore.ts
FN:5,(anonymous_0)
FN:9,(anonymous_1)
FN:10,(anonymous_2)
FN:11,(anonymous_3)
FNF:4
FNH:4
FNDA:3,(anonymous_0)
FNDA:3,(anonymous_1)
FNDA:3,(anonymous_2)
FNDA:2,(anonymous_3)
DA:5,4
DA:6,3
DA:8,3
DA:9,3
DA:10,3
DA:11,2
LF:6
LH:6
BRF:0
BRH:0
end_of_record
TN:
SF:src\stores\aiStore.ts
FN:5,(anonymous_0)
FN:9,(anonymous_1)
FN:10,(anonymous_2)
FN:11,(anonymous_3)
FN:12,(anonymous_4)
FN:13,(anonymous_5)
FN:15,(anonymous_6)
FNF:7
FNH:7
FNDA:6,(anonymous_0)
FNDA:2,(anonymous_1)
FNDA:5,(anonymous_2)
FNDA:2,(anonymous_3)
FNDA:2,(anonymous_4)
FNDA:2,(anonymous_5)
FNDA:3,(anonymous_6)
DA:5,5
DA:6,6
DA:8,6
DA:9,2
DA:10,5
DA:11,2
DA:12,2
DA:13,2
DA:15,3
LF:9
LH:9
BRF:0
BRH:0
end_of_record
TN:
SF:src\stores\authStore.ts
FN:5,(anonymous_0)
FN:9,(anonymous_1)
FN:10,(anonymous_2)
FN:11,(anonymous_3)
FN:12,(anonymous_4)
FN:13,(anonymous_5)
FN:14,(anonymous_6)
FN:15,(anonymous_7)
FN:16,(anonymous_8)
FN:17,(anonymous_9)
FN:18,(anonymous_10)
FN:19,(anonymous_11)
FNF:12
FNH:8
FNDA:10,(anonymous_0)
FNDA:5,(anonymous_1)
FNDA:8,(anonymous_2)
FNDA:7,(anonymous_3)
FNDA:5,(anonymous_4)
FNDA:0,(anonymous_5)
FNDA:0,(anonymous_6)
FNDA:0,(anonymous_7)
FNDA:4,(anonymous_8)
FNDA:6,(anonymous_9)
FNDA:0,(anonymous_10)
FNDA:5,(anonymous_11)
DA:5,7
DA:6,10
DA:8,10
DA:9,5
DA:10,8
DA:11,7
DA:12,5
DA:13,0
DA:14,0
DA:15,0
DA:16,4
DA:17,6
DA:18,0
DA:19,5
LF:14
LH:10
BRF:0
BRH:0
end_of_record
TN:
SF:src\stores\billingStore.ts
FN:5,(anonymous_0)
FN:9,(anonymous_1)
FN:10,(anonymous_2)
FN:11,(anonymous_3)
FN:12,(anonymous_4)
FN:13,(anonymous_5)
FN:14,(anonymous_6)
FN:15,(anonymous_7)
FN:16,(anonymous_8)
FN:19,(anonymous_9)
FNF:10
FNH:10
FNDA:11,(anonymous_0)
FNDA:6,(anonymous_1)
FNDA:6,(anonymous_2)
FNDA:6,(anonymous_3)
FNDA:6,(anonymous_4)
FNDA:11,(anonymous_5)
FNDA:7,(anonymous_6)
FNDA:6,(anonymous_7)
FNDA:6,(anonymous_8)
FNDA:6,(anonymous_9)
DA:5,7
DA:6,11
DA:8,11
DA:9,6
DA:10,6
DA:11,6
DA:12,6
DA:13,11
DA:14,7
DA:15,6
DA:16,6
DA:19,6
LF:12
LH:12
BRF:0
BRH:0
end_of_record
TN:
SF:src\stores\inventoryStore.ts
FN:6,(anonymous_0)
FN:10,(anonymous_1)
FN:11,(anonymous_2)
FN:14,(anonymous_3)
FN:15,(anonymous_4)
FN:18,(anonymous_5)
FN:20,(anonymous_6)
FN:26,(anonymous_7)
FN:28,(anonymous_8)
FN:29,(anonymous_9)
FN:41,(anonymous_10)
FN:48,(anonymous_11)
FN:49,(anonymous_12)
FN:52,(anonymous_13)
FN:54,(anonymous_14)
FN:56,(anonymous_15)
FN:61,(anonymous_16)
FN:64,(anonymous_17)
FN:68,(anonymous_18)
FN:77,(anonymous_19)
FN:78,(anonymous_20)
FN:78,(anonymous_21)
FN:79,(anonymous_22)
FN:86,(anonymous_23)
FNF:24
FNH:24
FNDA:32,(anonymous_0)
FNDA:14,(anonymous_1)
FNDA:15,(anonymous_2)
FNDA:17,(anonymous_3)
FNDA:15,(anonymous_4)
FNDA:33,(anonymous_5)
FNDA:28,(anonymous_6)
FNDA:1,(anonymous_7)
FNDA:4,(anonymous_8)
FNDA:1,(anonymous_9)
FNDA:1,(anonymous_10)
FNDA:15,(anonymous_11)
FNDA:31,(anonymous_12)
FNDA:2,(anonymous_13)
FNDA:4,(anonymous_14)
FNDA:3,(anonymous_15)
FNDA:2,(anonymous_16)
FNDA:1,(anonymous_17)
FNDA:2,(anonymous_18)
FNDA:14,(anonymous_19)
FNDA:3,(anonymous_20)
FNDA:1,(anonymous_21)
FNDA:13,(anonymous_22)
FNDA:14,(anonymous_23)
DA:6,8
DA:7,32
DA:9,32
DA:11,15
DA:12,14
DA:14,17
DA:16,15
DA:17,15
DA:18,15
DA:19,33
DA:20,28
DA:21,15
DA:22,6
DA:23,6
DA:27,1
DA:28,4
DA:29,1
DA:41,1
DA:42,1
DA:43,1
DA:44,1
DA:45,1
DA:49,31
DA:50,15
DA:52,15
DA:53,2
DA:54,4
DA:55,2
DA:56,3
DA:57,2
DA:61,15
DA:62,15
DA:64,1
DA:66,1
DA:67,1
DA:68,1
DA:69,2
DA:70,2
DA:71,2
DA:72,1
DA:73,1
DA:75,1
DA:77,14
DA:78,3
DA:79,13
DA:86,14
LF:46
LH:46
BRDA:12,0,0,14
BRDA:12,0,1,0
BRDA:19,1,0,18
BRDA:19,1,1,15
BRDA:19,2,0,33
BRDA:19,2,1,21
BRDA:20,3,0,28
BRDA:20,3,1,7
BRDA:21,4,0,9
BRDA:21,4,1,6
BRDA:28,5,0,4
BRDA:28,5,1,2
BRDA:28,5,2,1
BRDA:28,5,3,1
BRDA:37,6,0,1
BRDA:37,6,1,1
BRDA:43,7,0,1
BRDA:43,7,1,0
BRDA:49,8,0,31
BRDA:49,8,1,30
BRDA:49,8,2,30
BRDA:53,9,0,2
BRDA:53,9,1,0
BRDA:55,10,0,2
BRDA:55,10,1,0
BRDA:57,11,0,2
BRDA:57,11,1,0
BRDA:62,12,0,14
BRDA:62,12,1,1
BRDA:71,13,0,1
BRDA:71,13,1,1
BRDA:72,14,0,0
BRDA:72,14,1,1
BRF:33
BRH:27
end_of_record
TN:
SF:src\stores\stateRuntime.ts
FN:7,createTimerRegistry
FN:11,(anonymous_1)
FN:21,(anonymous_2)
FN:31,(anonymous_3)
FN:37,getRequestedQuantityByProduct
FN:38,(anonymous_5)
FNF:6
FNH:6
FNDA:27,createTimerRegistry
FNDA:7,(anonymous_1)
FNDA:50,(anonymous_2)
FNDA:6,(anonymous_3)
FNDA:1,getRequestedQuantityByProduct
FNDA:4,(anonymous_5)
DA:8,27
DA:10,27
DA:12,7
DA:19,7
DA:29,50
DA:32,6
DA:38,1
DA:39,4
DA:40,2
DA:43,2
DA:44,4
LF:11
LH:11
BRDA:12,0,0,7
BRDA:12,0,1,4
BRDA:39,1,0,2
BRDA:39,1,1,2
BRDA:43,2,0,2
BRDA:43,2,1,1
BRDA:43,3,0,4
BRDA:43,3,1,0
BRF:8
BRH:7
end_of_record
TN:
SF:src\stores\stateSecurity.ts
FN:1,bytesToHex
FN:2,(anonymous_1)
FN:5,createPasswordSalt
FN:13,hashPassword
FN:24,createPasswordCredentials
FN:34,serializeStateSnapshot
FN:36,(anonymous_6)
FN:49,upgradeLegacyUserSecrets
FN:61,verifyPassword
FNF:9
FNH:9
FNDA:314,bytesToHex
FNDA:7856,(anonymous_1)
FNDA:138,createPasswordSalt
FNDA:177,hashPassword
FNDA:138,createPasswordCredentials
FNDA:205,serializeStateSnapshot
FNDA:1036,(anonymous_6)
FNDA:3,upgradeLegacyUserSecrets
FNDA:41,verifyPassword
DA:2,7856
DA:6,138
DA:7,137
DA:10,1
DA:19,177
DA:20,177
DA:21,177
DA:25,138
DA:26,138
DA:28,138
DA:35,205
DA:36,205
DA:37,1036
DA:39,1036
DA:40,1026
DA:43,1036
DA:46,205
DA:50,3
DA:51,2
DA:54,1
DA:55,1
DA:56,1
DA:57,1
DA:58,1
DA:62,41
DA:63,39
DA:66,2
LF:27
LH:27
BRDA:6,0,0,137
BRDA:6,0,1,1
BRDA:6,1,0,138
BRDA:6,1,1,138
BRDA:6,1,2,138
BRDA:39,2,0,1026
BRDA:39,2,1,10
BRDA:50,3,0,2
BRDA:50,3,1,1
BRDA:50,4,0,3
BRDA:50,4,1,2
BRDA:62,5,0,39
BRDA:62,5,1,2
BRDA:62,6,0,41
BRDA:62,6,1,39
BRF:15
BRH:15
end_of_record
TN:
SF:src\stores\stateStore.ts
FN:402,(anonymous_0)
FN:403,(anonymous_1)
FN:404,(anonymous_2)
FN:405,(anonymous_3)
FN:906,createInitialState
FN:910,getMembershipsForUser
FN:911,(anonymous_6)
FN:914,getAccessibleTenantsForUser
FN:915,(anonymous_8)
FN:916,(anonymous_9)
FN:919,getMembershipForTenant
FN:920,(anonymous_11)
FN:925,getVisibleViewsForState
FN:936,ensureActiveTenantAccess
FN:951,(anonymous_14)
FN:956,ensureActiveViewAccess
FN:1013,createDefaultSecurityProfile
FN:1031,classifyBrowserFromRaw
FN:1039,classifyOsFromRaw
FN:1048,inferSessionDeviceMetadata
FN:1059,normalizeRoleAccess
FN:1062,(anonymous_21)
FN:1068,(anonymous_22)
FN:1077,normalizeSecurityProfiles
FN:1079,(anonymous_24)
FN:1081,(anonymous_25)
FN:1088,normalizeSessions
FN:1089,(anonymous_27)
FN:1090,(anonymous_28)
FN:1094,(anonymous_29)
FN:1095,(anonymous_30)
FN:1116,normalizeInvitations
FN:1117,(anonymous_32)
FN:1121,(anonymous_33)
FN:1122,(anonymous_34)
FN:1137,normalizeState
FN:1141,(anonymous_36)
FN:1199,(anonymous_37)
FN:1207,(anonymous_38)
FN:1217,loadState
FN:1238,uid
FN:1252,isSupportedDianVersion
FN:1256,appendAuditEvent
FN:1280,sanitizeAuditDescription
FN:1288,hasEqualOrHigherPermissions
FN:1299,getClientIpForUser
FN:1303,generateSimulatedIp
FN:1304,(anonymous_47)
FN:1314,getLocationFromIp
FN:1326,isDigitChar
FN:1330,isDigitOrDotChar
FN:1334,isDigitOrUnderscoreChar
FN:1338,readTokenValue
FN:1356,formatVersionLabel
FN:1360,parseUserAgentMetadata
FN:1405,buildDemoPassword
FN:1409,buildSeedUsers
FN:1464,(anonymous_57)
FN:1471,createDeviceFingerprint
FN:1480,createLoginSession
FN:1502,generateTemporaryPassword
FN:1514,formatCurrency
FN:1522,isValidEmail
FN:1527,isValidNit
FN:1531,isValidDianIdentifier
FN:1537,containsSpecialPasswordCharacter
FN:1547,getTenantItems
FN:1548,(anonymous_67)
FN:1551,sortByDateDesc
FN:1552,(anonymous_69)
FN:1555,createInvoiceEntry
FN:1556,(anonymous_71)
FN:1576,pushInvoiceTimeline
FN:1577,(anonymous_73)
FN:1593,clearScheduledDianUpdates
FN:1597,clearAllScheduledDianUpdates
FN:1601,extractFieldsFromText
FN:1634,(anonymous_77)
FN:1636,(anonymous_78)
FN:1640,(anonymous_79)
FN:1642,(anonymous_80)
FN:1645,(anonymous_81)
FN:1651,(anonymous_82)
FN:1652,(anonymous_83)
FN:1654,(anonymous_84)
FN:1661,(anonymous_85)
FN:1667,(anonymous_86)
FN:1674,(anonymous_87)
FN:1677,(anonymous_88)
FN:1687,(anonymous_89)
FN:1690,(anonymous_90)
FN:1691,(anonymous_91)
FN:1693,(anonymous_92)
FN:1696,(anonymous_93)
FN:1699,(anonymous_94)
FN:1702,(anonymous_95)
FN:1705,(anonymous_96)
FN:1708,(anonymous_97)
FN:1711,(anonymous_98)
FN:1714,(anonymous_99)
FN:1715,(anonymous_100)
FN:1718,(anonymous_101)
FN:1720,(anonymous_102)
FN:1723,(anonymous_103)
FN:1726,(anonymous_104)
FN:1731,(anonymous_105)
FN:1738,(anonymous_106)
FN:1749,(anonymous_107)
FN:1761,(anonymous_108)
FN:1782,(anonymous_109)
FN:1787,(anonymous_110)
FN:1798,(anonymous_111)
FN:1809,(anonymous_112)
FN:1812,(anonymous_113)
FN:1816,(anonymous_114)
FN:1841,(anonymous_115)
FN:1842,(anonymous_116)
FN:1856,(anonymous_117)
FN:1857,(anonymous_118)
FN:1866,(anonymous_119)
FN:1867,(anonymous_120)
FN:1869,(anonymous_121)
FN:1888,(anonymous_122)
FN:1889,(anonymous_123)
FN:1903,(anonymous_124)
FN:1904,(anonymous_125)
FN:1909,(anonymous_126)
FN:1918,(anonymous_127)
FN:1934,(anonymous_128)
FN:1946,(anonymous_129)
FN:1953,(anonymous_130)
FN:1961,(anonymous_131)
FN:1974,(anonymous_132)
FN:1984,(anonymous_133)
FN:2010,(anonymous_134)
FN:2030,(anonymous_135)
FN:2059,(anonymous_136)
FN:2062,(anonymous_137)
FN:2103,(anonymous_138)
FN:2104,(anonymous_139)
FN:2122,(anonymous_140)
FN:2152,(anonymous_141)
FN:2164,(anonymous_142)
FN:2182,(anonymous_143)
FN:2195,(anonymous_144)
FN:2207,(anonymous_145)
FN:2243,(anonymous_146)
FN:2292,(anonymous_147)
FN:2297,(anonymous_148)
FN:2301,(anonymous_149)
FN:2305,(anonymous_150)
FN:2309,(anonymous_151)
FN:2313,(anonymous_152)
FN:2331,(anonymous_153)
FN:2347,(anonymous_154)
FN:2372,(anonymous_155)
FN:2380,(anonymous_156)
FN:2427,(anonymous_157)
FN:2429,(anonymous_158)
FN:2464,(anonymous_159)
FN:2467,(anonymous_160)
FN:2470,(anonymous_161)
FN:2489,(anonymous_162)
FN:2495,(anonymous_163)
FN:2496,(anonymous_164)
FN:2532,(anonymous_165)
FN:2534,(anonymous_166)
FN:2558,(anonymous_167)
FN:2564,(anonymous_168)
FN:2571,(anonymous_169)
FN:2628,(anonymous_170)
FN:2651,(anonymous_171)
FN:2662,(anonymous_172)
FN:2685,(anonymous_173)
FN:2727,(anonymous_174)
FN:2765,(anonymous_175)
FN:2775,(anonymous_176)
FN:2789,(anonymous_177)
FN:2847,(anonymous_178)
FN:2856,(anonymous_179)
FN:2880,(anonymous_180)
FN:2902,(anonymous_181)
FN:2907,(anonymous_182)
FN:2917,(anonymous_183)
FN:2922,(anonymous_184)
FN:2925,(anonymous_185)
FN:2953,(anonymous_186)
FN:2955,(anonymous_187)
FN:2964,(anonymous_188)
FN:2971,(anonymous_189)
FN:2974,(anonymous_190)
FN:2990,(anonymous_191)
FN:2998,(anonymous_192)
FN:3038,(anonymous_193)
FN:3046,(anonymous_194)
FN:3078,(anonymous_195)
FN:3086,(anonymous_196)
FN:3117,(anonymous_197)
FN:3125,(anonymous_198)
FN:3180,(anonymous_199)
FN:3185,(anonymous_200)
FN:3190,(anonymous_201)
FN:3193,(anonymous_202)
FN:3205,(anonymous_203)
FN:3213,(anonymous_204)
FN:3238,(anonymous_205)
FN:3254,(anonymous_206)
FN:3262,(anonymous_207)
FN:3277,(anonymous_208)
FN:3305,(anonymous_209)
FN:3325,(anonymous_210)
FN:3389,(anonymous_211)
FN:3423,(anonymous_212)
FN:3474,(anonymous_213)
FN:3475,(anonymous_214)
FN:3476,(anonymous_215)
FN:3491,(anonymous_216)
FN:3542,(anonymous_217)
FN:3545,(anonymous_218)
FN:3546,(anonymous_219)
FN:3572,(anonymous_220)
FN:3583,(anonymous_221)
FN:3607,(anonymous_222)
FN:3616,(anonymous_223)
FN:3627,(anonymous_224)
FN:3641,(anonymous_225)
FN:3664,(anonymous_226)
FN:3693,(anonymous_227)
FN:3711,(anonymous_228)
FN:3751,(anonymous_229)
FN:3761,(anonymous_230)
FN:3930,(anonymous_231)
FNF:232
FNH:180
FNDA:156,(anonymous_0)
FNDA:156,(anonymous_1)
FNDA:156,(anonymous_2)
FNDA:156,(anonymous_3)
FNDA:173,createInitialState
FNDA:78,getMembershipsForUser
FNDA:469,(anonymous_6)
FNDA:78,getAccessibleTenantsForUser
FNDA:155,(anonymous_8)
FNDA:153,(anonymous_9)
FNDA:24,getMembershipForTenant
FNDA:26,(anonymous_11)
FNDA:24,getVisibleViewsForState
FNDA:18,ensureActiveTenantAccess
FNDA:18,(anonymous_14)
FNDA:24,ensureActiveViewAccess
FNDA:3,createDefaultSecurityProfile
FNDA:54,classifyBrowserFromRaw
FNDA:54,classifyOsFromRaw
FNDA:0,inferSessionDeviceMetadata
FNDA:3,normalizeRoleAccess
FNDA:18,(anonymous_21)
FNDA:126,(anonymous_22)
FNDA:0,normalizeSecurityProfiles
FNDA:0,(anonymous_24)
FNDA:0,(anonymous_25)
FNDA:0,normalizeSessions
FNDA:0,(anonymous_27)
FNDA:0,(anonymous_28)
FNDA:0,(anonymous_29)
FNDA:0,(anonymous_30)
FNDA:0,normalizeInvitations
FNDA:0,(anonymous_32)
FNDA:0,(anonymous_33)
FNDA:0,(anonymous_34)
FNDA:0,normalizeState
FNDA:0,(anonymous_36)
FNDA:0,(anonymous_37)
FNDA:0,(anonymous_38)
FNDA:124,loadState
FNDA:216,uid
FNDA:0,isSupportedDianVersion
FNDA:129,appendAuditEvent
FNDA:129,sanitizeAuditDescription
FNDA:0,hasEqualOrHigherPermissions
FNDA:61,getClientIpForUser
FNDA:114,generateSimulatedIp
FNDA:1103,(anonymous_47)
FNDA:53,getLocationFromIp
FNDA:44,isDigitChar
FNDA:8,isDigitOrDotChar
FNDA:18,isDigitOrUnderscoreChar
FNDA:10,readTokenValue
FNDA:10,formatVersionLabel
FNDA:60,parseUserAgentMetadata
FNDA:167,buildDemoPassword
FNDA:26,buildSeedUsers
FNDA:130,(anonymous_57)
FNDA:53,createDeviceFingerprint
FNDA:53,createLoginSession
FNDA:1,generateTemporaryPassword
FNDA:0,formatCurrency
FNDA:6,isValidEmail
FNDA:0,isValidNit
FNDA:0,isValidDianIdentifier
FNDA:4,containsSpecialPasswordCharacter
FNDA:229,getTenantItems
FNDA:318,(anonymous_67)
FNDA:197,sortByDateDesc
FNDA:22,(anonymous_69)
FNDA:0,createInvoiceEntry
FNDA:0,(anonymous_71)
FNDA:4,pushInvoiceTimeline
FNDA:4,(anonymous_73)
FNDA:5,clearScheduledDianUpdates
FNDA:49,clearAllScheduledDianUpdates
FNDA:2,extractFieldsFromText
FNDA:124,(anonymous_77)
FNDA:70,(anonymous_78)
FNDA:64,(anonymous_79)
FNDA:15,(anonymous_80)
FNDA:2,(anonymous_81)
FNDA:19,(anonymous_82)
FNDA:19,(anonymous_83)
FNDA:4,(anonymous_84)
FNDA:92,(anonymous_85)
FNDA:90,(anonymous_86)
FNDA:82,(anonymous_87)
FNDA:7,(anonymous_88)
FNDA:7,(anonymous_89)
[...]
BRDA:1323,77,0,53
BRDA:1323,77,1,53
BRDA:1327,78,0,44
BRDA:1327,78,1,34
BRDA:1331,79,0,8
BRDA:1331,79,1,3
BRDA:1335,80,0,18
BRDA:1335,80,1,7
BRDA:1340,81,0,0
BRDA:1340,81,1,10
BRDA:1347,82,0,10
BRDA:1347,82,1,34
BRDA:1357,83,0,10
BRDA:1357,83,1,0
BRDA:1360,84,0,60
BRDA:1360,85,0,0
BRDA:1360,85,1,53
BRDA:1360,86,0,53
BRDA:1360,86,1,0
BRDA:1361,87,0,1
BRDA:1361,87,1,59
BRDA:1372,88,0,1
BRDA:1372,88,1,58
BRDA:1374,89,0,1
BRDA:1374,89,1,57
BRDA:1376,90,0,1
BRDA:1376,90,1,56
BRDA:1378,91,0,2
BRDA:1378,91,1,54
BRDA:1378,92,0,56
BRDA:1378,92,1,2
BRDA:1384,93,0,1
BRDA:1384,93,1,58
BRDA:1386,94,0,1
BRDA:1386,94,1,57
BRDA:1389,95,0,1
BRDA:1389,95,1,56
BRDA:1391,96,0,2
BRDA:1391,96,1,54
BRDA:1391,97,0,56
BRDA:1391,97,1,2
BRDA:1406,98,0,167
BRDA:1406,98,1,1
BRDA:1519,99,0,0
BRDA:1519,99,1,0
BRDA:1538,100,0,4
BRDA:1538,100,1,0
BRDA:1539,101,0,4
BRDA:1539,101,1,28
BRDA:1556,102,0,0
BRDA:1556,102,1,0
BRDA:1556,103,0,0
BRDA:1556,103,1,0
BRDA:1556,104,0,0
BRDA:1556,104,1,0
BRDA:1564,105,0,0
BRDA:1564,105,1,0
BRDA:1579,106,0,0
BRDA:1579,106,1,4
BRDA:1601,107,0,2
BRDA:1603,108,0,2
BRDA:1603,108,1,0
BRDA:1605,109,0,2
BRDA:1605,109,1,1
BRDA:1605,109,2,1
BRDA:1608,110,0,2
BRDA:1608,110,1,1
BRDA:1609,111,0,2
BRDA:1609,111,1,1
BRDA:1610,112,0,2
BRDA:1610,112,1,0
BRDA:1612,113,0,2
BRDA:1612,113,1,0
BRDA:1612,113,2,0
BRDA:1640,114,0,60
BRDA:1640,114,1,0
BRDA:1646,115,0,0
BRDA:1646,115,1,2
BRDA:1652,116,0,19
BRDA:1652,116,1,0
BRDA:1655,117,0,0
BRDA:1655,117,1,4
BRDA:1662,118,0,14
BRDA:1662,118,1,78
BRDA:1667,119,0,78
BRDA:1667,119,1,1
BRDA:1668,120,0,90
BRDA:1668,120,1,90
BRDA:1668,120,2,80
BRDA:1675,121,0,67
BRDA:1675,121,1,15
BRDA:1675,122,0,67
BRDA:1675,122,1,0
BRDA:1678,123,0,7
BRDA:1678,123,1,0
BRDA:1678,124,0,7
BRDA:1678,124,1,0
BRDA:1679,125,0,7
BRDA:1679,125,1,0
BRDA:1681,126,0,7
BRDA:1681,126,1,0
BRDA:1721,127,0,9
BRDA:1721,127,1,3
BRDA:1721,127,2,0
BRDA:1724,128,0,3
BRDA:1724,128,1,0
BRDA:1724,128,2,0
BRDA:1727,129,0,3
BRDA:1727,129,1,0
BRDA:1727,129,2,0
BRDA:1735,130,0,0
BRDA:1735,130,1,1
BRDA:1739,131,0,1
BRDA:1739,131,1,0
BRDA:1750,132,0,0
BRDA:1750,132,1,1
BRDA:1758,133,0,0
BRDA:1758,133,1,0
BRDA:1762,134,0,3
BRDA:1762,134,1,1
BRDA:1762,135,0,4
BRDA:1762,135,1,1
BRDA:1766,136,0,1
BRDA:1766,136,1,0
BRDA:1769,137,0,4
BRDA:1769,137,1,0
BRDA:1772,138,0,1
BRDA:1772,138,1,0
BRDA:1773,139,0,1
BRDA:1773,139,1,0
BRDA:1774,140,0,1
BRDA:1774,140,1,0
BRDA:1775,141,0,1
BRDA:1775,141,1,0
BRDA:1784,142,0,0
BRDA:1784,142,1,0
BRDA:1788,143,0,0
BRDA:1788,143,1,0
BRDA:1799,144,0,0
BRDA:1799,144,1,0
BRDA:1813,145,0,0
BRDA:1813,145,1,0
BRDA:1813,146,0,0
BRDA:1813,146,1,0
BRDA:1817,147,0,0
BRDA:1817,147,1,0
BRDA:1828,148,0,0
BRDA:1828,148,1,0
BRDA:1841,149,0,12
BRDA:1843,150,0,0
BRDA:1843,150,1,12
BRDA:1847,151,0,1
BRDA:1847,151,1,11
BRDA:1847,152,0,12
BRDA:1847,152,1,3
BRDA:1859,153,0,1
BRDA:1859,153,1,155
BRDA:1871,154,0,0
BRDA:1871,154,1,4
BRDA:1871,155,0,4
BRDA:1871,155,1,4
BRDA:1874,156,0,0
BRDA:1874,156,1,4
BRDA:1874,157,0,4
BRDA:1874,157,1,4
BRDA:1877,158,0,0
BRDA:1877,158,1,4
BRDA:1877,159,0,4
BRDA:1877,159,1,4
BRDA:1880,160,0,0
BRDA:1880,160,1,4
BRDA:1880,161,0,4
BRDA:1880,161,1,4
BRDA:1883,162,0,0
BRDA:1883,162,1,4
BRDA:1883,163,0,4
BRDA:1883,163,1,4
BRDA:1905,164,0,0
BRDA:1905,164,1,0
BRDA:1909,165,0,0
BRDA:1909,165,1,0
BRDA:1910,166,0,0
BRDA:1910,166,1,0
BRDA:1913,167,0,0
BRDA:1913,167,1,0
BRDA:1917,168,0,0
BRDA:1917,168,1,0
BRDA:1919,169,0,0
BRDA:1919,169,1,0
BRDA:1922,170,0,0
BRDA:1922,170,1,0
BRDA:1936,171,0,0
BRDA:1936,171,1,2
BRDA:1940,172,0,2
BRDA:1940,172,1,0
BRDA:1941,173,0,2
BRDA:1941,173,1,0
BRDA:1947,174,0,0
BRDA:1947,174,1,3
BRDA:1948,175,0,0
BRDA:1948,175,1,0
BRDA:1965,176,0,0
BRDA:1965,176,1,0
BRDA:1970,177,0,0
BRDA:1970,177,1,0
BRDA:1977,178,0,0
BRDA:1977,178,1,54
BRDA:1985,179,0,54
BRDA:1985,179,1,0
BRDA:1987,180,0,1
BRDA:1987,180,1,53
BRDA:1987,181,0,54
BRDA:1987,181,1,54
BRDA:1989,182,0,1
BRDA:1989,182,1,0
BRDA:1991,183,0,1
BRDA:1991,183,1,0
BRDA:1994,184,0,1
BRDA:1994,184,1,0
BRDA:1994,185,0,1
BRDA:1994,185,1,0
BRDA:1995,186,0,1
BRDA:1995,186,1,0
BRDA:2012,187,0,159
BRDA:2012,187,1,52
BRDA:2012,187,2,52
BRDA:2012,187,3,0
BRDA:2018,188,0,0
BRDA:2018,188,1,53
BRDA:2023,189,0,0
BRDA:2023,189,1,0
BRDA:2024,190,0,0
BRDA:2024,190,1,0
BRDA:2029,191,0,1
BRDA:2029,191,1,52
BRDA:2031,192,0,1
BRDA:2031,192,1,2
BRDA:2031,193,0,3
BRDA:2031,193,1,1
BRDA:2048,194,0,53
BRDA:2048,194,1,0
BRDA:2049,195,0,54
BRDA:2049,195,1,0
BRDA:2061,196,0,40
BRDA:2061,196,1,0
BRDA:2064,197,0,40
BRDA:2064,197,1,1
BRDA:2065,198,0,0
BRDA:2065,198,1,40
BRDA:2067,199,0,39
BRDA:2067,199,1,1
BRDA:2069,200,0,2
BRDA:2069,200,1,37
BRDA:2072,201,0,8
BRDA:2072,201,1,30
BRDA:2072,202,0,38
BRDA:2072,202,1,37
BRDA:2073,203,0,8
BRDA:2073,203,1,1
BRDA:2080,204,0,1
BRDA:2080,204,1,29
BRDA:2087,205,0,0
BRDA:2087,205,1,29
BRDA:2087,206,0,29
BRDA:2087,206,1,0
BRDA:2098,207,0,29
BRDA:2098,207,1,29
BRDA:2106,208,0,1
BRDA:2106,208,1,25
BRDA:2113,209,0,0
BRDA:2113,209,1,25
BRDA:2126,210,0,58
BRDA:2126,210,1,38
BRDA:2134,211,0,0
BRDA:2134,211,1,58
BRDA:2139,212,0,0
BRDA:2139,212,1,58
BRDA:2139,213,0,58
BRDA:2139,213,1,0
BRDA:2156,214,0,2
BRDA:2156,214,1,37
BRDA:2156,215,0,39
BRDA:2156,215,1,2
BRDA:2166,216,0,18
BRDA:2166,216,1,1
BRDA:2171,217,0,0
BRDA:2171,217,1,18
BRDA:2172,218,0,0
BRDA:2172,218,1,0
BRDA:2181,219,0,17
BRDA:2181,219,1,1
BRDA:2182,220,0,17
BRDA:2182,220,1,0
BRDA:2183,221,0,17
BRDA:2183,221,1,0
BRDA:2185,222,0,17
BRDA:2185,222,1,5
BRDA:2187,223,0,3
BRDA:2187,223,1,14
BRDA:2187,224,0,17
BRDA:2187,224,1,17
BRDA:2188,225,0,3
BRDA:2188,225,1,0
BRDA:2200,226,0,0
BRDA:2200,226,1,2
BRDA:2200,227,0,2
BRDA:2200,227,1,2
BRDA:2200,227,2,2
BRDA:2207,228,0,0
BRDA:2207,228,1,2
BRDA:2214,229,0,2
BRDA:2214,229,1,0
BRDA:2216,230,0,0
BRDA:2216,230,1,2
BRDA:2246,231,0,1
BRDA:2246,231,1,4
BRDA:2246,232,0,5
BRDA:2246,232,1,1
BRDA:2254,233,0,0
BRDA:2254,233,1,4
BRDA:2265,234,0,4
BRDA:2265,234,1,0
BRDA:2293,235,0,55
BRDA:2293,235,1,2
BRDA:2294,236,0,55
BRDA:2294,236,1,2
BRDA:2295,237,0,55
BRDA:2295,237,1,2
BRDA:2311,238,0,2
BRDA:2311,238,1,0
BRDA:2313,239,0,0
BRDA:2313,239,1,2
BRDA:2313,240,0,2
BRDA:2313,240,1,2
BRDA:2332,241,0,0
BRDA:2332,241,1,1
BRDA:2348,242,0,0
BRDA:2348,242,1,1
BRDA:2368,243,0,0
BRDA:2368,243,1,0
BRDA:2373,244,0,0
BRDA:2373,244,1,3
BRDA:2381,245,0,3
BRDA:2381,245,1,0
BRDA:2385,246,0,3
BRDA:2385,246,1,0
BRDA:2386,247,0,3
BRDA:2386,247,1,1
BRDA:2387,248,0,3
BRDA:2387,248,1,0
BRDA:2388,249,0,3
BRDA:2388,249,1,1
BRDA:2389,250,0,3
BRDA:2389,250,1,2
BRDA:2390,251,0,3
BRDA:2390,251,1,2
BRDA:2391,252,0,3
BRDA:2391,252,1,1
BRDA:2392,253,0,3
BRDA:2392,253,1,1
BRDA:2393,254,0,3
BRDA:2393,254,1,2
BRDA:2394,255,0,3
BRDA:2394,255,1,2
BRDA:2395,256,0,3
BRDA:2395,256,1,3
BRDA:2396,257,0,3
BRDA:2396,257,1,2
BRDA:2397,258,0,3
BRDA:2397,258,1,3
BRDA:2399,259,0,3
BRDA:2399,259,1,0
BRDA:2400,260,0,3
BRDA:2400,260,1,0
BRDA:2401,261,0,2
BRDA:2401,261,1,1
BRDA:2402,262,0,3
BRDA:2402,262,1,2
BRDA:2405,263,0,1
BRDA:2405,263,1,2
BRDA:2405,264,0,3
BRDA:2405,264,1,2
BRDA:2417,265,0,2
BRDA:2417,265,1,0
BRDA:2428,266,0,1
BRDA:2428,266,1,4
BRDA:2430,267,0,1
BRDA:2430,267,1,3
BRDA:2432,268,0,3
BRDA:2432,268,1,0
BRDA:2433,269,0,1
BRDA:2433,269,1,4
BRDA:2442,270,0,2
BRDA:2442,270,1,0
BRDA:2450,271,0,5
BRDA:2450,271,1,0
BRDA:2455,272,0,5
BRDA:2455,272,1,0
BRDA:2456,273,0,5
BRDA:2456,273,1,0
BRDA:2460,274,0,5
BRDA:2460,274,1,0
BRDA:2465,275,0,1
BRDA:2465,275,1,3
BRDA:2468,276,0,1
BRDA:2468,276,1,2
BRDA:2471,277,0,0
BRDA:2471,277,1,2
BRDA:2474,278,0,2
BRDA:2474,278,1,1
BRDA:2480,279,0,4
BRDA:2480,279,1,0
BRDA:2480,279,2,0
BRDA:2481,280,0,4
BRDA:2481,280,1,0
BRDA:2485,281,0,4
BRDA:2485,281,1,0
BRDA:2490,282,0,1
BRDA:2490,282,1,7
BRDA:2497,283,0,1
BRDA:2497,283,1,6
BRDA:2499,284,0,6
BRDA:2499,284,1,0
BRDA:2502,285,0,5
BRDA:2502,285,1,2
BRDA:2508,286,0,5
BRDA:2508,286,1,0
BRDA:2511,287,0,2
BRDA:2511,287,1,3
BRDA:2514,288,0,5
BRDA:2514,288,1,0
BRDA:2517,289,0,5
BRDA:2517,289,1,1
BRDA:2518,290,0,5
BRDA:2518,290,1,3
BRDA:2525,291,0,5
BRDA:2525,291,1,2
BRDA:2526,292,0,5
BRDA:2526,292,1,0
BRDA:2533,293,0,1
BRDA:2533,293,1,1
BRDA:2535,294,0,0
BRDA:2535,294,1,1
BRDA:2541,295,0,1
BRDA:2541,295,1,0
BRDA:2546,296,0,1
BRDA:2546,296,1,0
BRDA:2549,297,0,2
BRDA:2549,297,1,0
BRDA:2550,298,0,2
BRDA:2550,298,1,0
BRDA:2554,299,0,2
BRDA:2554,299,1,0
BRDA:2559,300,0,1
BRDA:2559,300,1,3
BRDA:2565,301,0,0
BRDA:2565,301,1,3
BRDA:2572,302,0,0
BRDA:2572,302,1,3
BRDA:2574,303,0,3
BRDA:2574,303,1,1
BRDA:2575,304,0,3
BRDA:2575,304,1,0
BRDA:2576,305,0,3
BRDA:2576,305,1,0
BRDA:2577,306,0,3
BRDA:2577,306,1,0
BRDA:2578,307,0,3
BRDA:2578,307,1,0
BRDA:2579,308,0,3
BRDA:2579,308,1,0
BRDA:2580,309,0,3
BRDA:2580,309,1,0
BRDA:2581,310,0,3
BRDA:2581,310,1,1
BRDA:2582,311,0,3
BRDA:2582,311,1,1
BRDA:2583,312,0,3
BRDA:2583,312,1,1
BRDA:2584,313,0,3
BRDA:2584,313,1,1
BRDA:2585,314,0,2
BRDA:2585,314,1,1
BRDA:2589,315,0,3
BRDA:2589,315,1,0
BRDA:2611,316,0,3
BRDA:2611,316,1,0
BRDA:2616,317,0,3
BRDA:2616,317,1,0
BRDA:2624,318,0,0
BRDA:2624,318,1,0
BRDA:2629,319,0,0
BRDA:2629,319,1,0
BRDA:2647,320,0,0
BRDA:2647,320,1,0
BRDA:2652,321,0,0
BRDA:2652,321,1,0
BRDA:2659,322,0,0
BRDA:2659,322,1,0
BRDA:2663,323,0,0
BRDA:2663,323,1,3
BRDA:2670,324,0,3
BRDA:2670,324,1,0
BRDA:2671,325,0,3
BRDA:2671,325,1,0
BRDA:2672,326,0,3
BRDA:2672,326,1,0
BRDA:2674,327,0,3
BRDA:2674,327,1,0
BRDA:2676,328,0,0
BRDA:2676,328,1,3
BRDA:2678,329,0,0
BRDA:2678,329,1,3
BRDA:2678,330,0,3
BRDA:2678,330,1,3
BRDA:2678,330,2,3
BRDA:2678,330,3,3
BRDA:2678,330,4,3
BRDA:2685,331,0,1
BRDA:2685,331,1,2
BRDA:2692,332,0,2
BRDA:2692,332,1,0
BRDA:2694,333,0,0
BRDA:2694,333,1,3
BRDA:2717,334,0,2
BRDA:2717,334,1,0
BRDA:2721,335,0,3
BRDA:2721,335,1,2
BRDA:2731,336,0,0
BRDA:2731,336,1,0
BRDA:2739,337,0,2
BRDA:2739,337,1,0
BRDA:2742,338,0,3
BRDA:2742,338,1,0
BRDA:2743,339,0,3
BRDA:2743,339,1,0
BRDA:2746,340,0,0
BRDA:2746,340,1,3
BRDA:2748,341,0,0
BRDA:2748,341,1,0
BRDA:2752,342,0,0
BRDA:2752,342,1,0
BRDA:2766,343,0,0
BRDA:2766,343,1,2
BRDA:2777,344,0,0
BRDA:2777,344,1,2
BRDA:2785,345,0,0
BRDA:2785,345,1,2
BRDA:2790,346,0,12
BRDA:2790,346,1,1
BRDA:2795,347,0,0
BRDA:2795,347,1,2
BRDA:2800,348,0,0
BRDA:2800,348,1,0
BRDA:2800,349,0,0
BRDA:2800,349,1,0
BRDA:2801,350,0,0
BRDA:2801,350,1,0
BRDA:2803,351,0,0
BRDA:2803,351,1,0
BRDA:2807,352,0,2
BRDA:2807,352,1,0
BRDA:2813,353,0,2
BRDA:2813,353,1,0
BRDA:2813,354,0,2
BRDA:2813,354,1,0
BRDA:2814,355,0,2
BRDA:2814,355,1,0
BRDA:2816,356,0,2
BRDA:2816,356,1,0
BRDA:2816,357,0,2
BRDA:2816,357,1,0
BRDA:2819,358,0,1
BRDA:2819,358,1,1
BRDA:2821,359,0,1
BRDA:2821,359,1,0
BRDA:2821,360,0,1
BRDA:2821,360,1,1
BRDA:2827,361,0,1
BRDA:2827,361,1,0
BRDA:2827,362,0,1
BRDA:2827,362,1,0
BRDA:2828,363,0,1
BRDA:2828,363,1,0
BRDA:2834,364,0,0
BRDA:2834,364,1,2
BRDA:2834,365,0,2
BRDA:2834,365,1,2
BRDA:2843,366,0,0
BRDA:2843,366,1,2
BRDA:2848,367,0,0
BRDA:2848,367,1,1
BRDA:2858,368,0,0
BRDA:2858,368,1,1
BRDA:2865,369,0,1
BRDA:2865,369,1,0
BRDA:2873,370,0,0
BRDA:2873,370,1,0
BRDA:2877,371,0,0
BRDA:2877,371,1,0
BRDA:2879,372,0,0
BRDA:2879,372,1,1
BRDA:2881,373,0,0
BRDA:2881,373,1,0
BRDA:2881,374,0,0
BRDA:2881,374,1,0
BRDA:2883,375,0,0
BRDA:2883,375,1,0
BRDA:2890,376,0,0
BRDA:2890,376,1,0
BRDA:2891,377,0,0
BRDA:2891,377,1,0
BRDA:2892,378,0,1
BRDA:2892,378,1,0
BRDA:2899,379,0,0
BRDA:2899,379,1,0
BRDA:2903,380,0,0
BRDA:2903,380,1,0
BRDA:2908,381,0,0
BRDA:2908,381,1,0
BRDA:2912,382,0,0
BRDA:2912,382,1,0
BRDA:2915,383,0,0
BRDA:2915,383,1,0
BRDA:2916,384,0,0
BRDA:2916,384,1,0
BRDA:2918,385,0,0
BRDA:2918,385,1,0
BRDA:2923,386,0,0
BRDA:2923,386,1,0
BRDA:2926,387,0,0
BRDA:2926,387,1,0
BRDA:2928,388,0,0
BRDA:2928,388,1,0
BRDA:2928,389,0,0
BRDA:2928,389,1,0
BRDA:2934,390,0,0
BRDA:2934,390,1,0
BRDA:2947,391,0,0
BRDA:2947,391,1,0
BRDA:2956,392,0,5
BRDA:2956,392,1,5
BRDA:2956,392,2,1
BRDA:2958,393,0,0
BRDA:2958,393,1,1
BRDA:2965,394,0,1
BRDA:2965,394,1,2
BRDA:2965,395,0,3
BRDA:2965,395,1,1
BRDA:2970,396,0,0
BRDA:2970,396,1,1
BRDA:2972,397,0,0
BRDA:2972,397,1,0
BRDA:2975,398,0,0
BRDA:2975,398,1,0
BRDA:2991,399,0,0
BRDA:2991,399,1,1
BRDA:3000,400,0,0
BRDA:3000,400,1,1
BRDA:3008,401,0,0
BRDA:3008,401,1,1
BRDA:3028,402,0,1
BRDA:3028,402,1,0
BRDA:3039,403,0,0
BRDA:3039,403,1,2
BRDA:3048,404,0,0
BRDA:3048,404,1,2
BRDA:3056,405,0,0
BRDA:3056,405,1,2
BRDA:3068,406,0,2
BRDA:3068,406,1,0
BRDA:3079,407,0,0
BRDA:3079,407,1,1
BRDA:3088,408,0,0
BRDA:3088,408,1,1
BRDA:3096,409,0,0
BRDA:3096,409,1,1
BRDA:3105,410,0,1
BRDA:3105,410,1,0
BRDA:3106,411,0,1
BRDA:3106,411,1,0
BRDA:3107,412,0,1
BRDA:3107,412,1,0
BRDA:3113,413,0,1
BRDA:3113,413,1,0
BRDA:3118,414,0,0
BRDA:3118,414,1,1
BRDA:3127,415,0,0
BRDA:3127,415,1,1
BRDA:3139,416,0,0
BRDA:3139,416,1,1
BRDA:3140,417,0,0
BRDA:3140,417,1,1
BRDA:3141,418,0,1
BRDA:3141,418,1,0
BRDA:3148,419,0,0
BRDA:3148,419,1,1
BRDA:3181,420,0,0
BRDA:3181,420,1,1
BRDA:3181,421,0,1
BRDA:3181,421,1,1
BRDA:3187,422,0,10
BRDA:3187,422,1,0
BRDA:3187,423,0,10
BRDA:3187,423,1,10
BRDA:3191,424,0,10
BRDA:3191,424,1,0
BRDA:3191,425,0,10
BRDA:3191,425,1,0
BRDA:3195,426,0,1
BRDA:3195,426,1,0
BRDA:3206,427,0,2
BRDA:3206,427,1,1
BRDA:3215,428,0,0
BRDA:3215,428,1,1
BRDA:3223,429,0,0
BRDA:3223,429,1,1
BRDA:3227,430,0,1
BRDA:3227,430,1,0
BRDA:3229,431,0,1
BRDA:3229,431,1,0
BRDA:3232,432,0,0
BRDA:3232,432,1,1
BRDA:3243,433,0,1
BRDA:3243,433,1,0
BRDA:3244,434,0,3
BRDA:3244,434,1,0
BRDA:3251,435,0,1
BRDA:3251,435,1,0
BRDA:3255,436,0,1
BRDA:3255,436,1,2
BRDA:3264,437,0,0
BRDA:3264,437,1,2
BRDA:3272,438,0,0
BRDA:3272,438,1,2
BRDA:3278,439,0,3
BRDA:3278,439,1,5
BRDA:3278,440,0,8
BRDA:3278,440,1,4
BRDA:3280,441,0,3
BRDA:3280,441,1,0
BRDA:3285,442,0,1
BRDA:3285,442,1,1
BRDA:3295,443,0,2
BRDA:3295,443,1,1
BRDA:3306,444,0,0
BRDA:3306,444,1,3
BRDA:3316,445,0,3
BRDA:3316,445,1,0
BRDA:3316,446,0,0
BRDA:3316,446,1,0
BRDA:3318,447,0,1
BRDA:3318,447,1,2
BRDA:3325,448,0,0
BRDA:3325,448,1,2
BRDA:3325,449,0,2
BRDA:3325,449,1,2
BRDA:3331,450,0,1
BRDA:3331,450,1,1
BRDA:3339,451,0,1
BRDA:3339,451,1,0
BRDA:3343,452,0,0
BRDA:3343,452,1,3
BRDA:3354,453,0,1
BRDA:3354,453,1,0
BRDA:3364,454,0,1
BRDA:3364,454,1,0
BRDA:3373,455,0,1
BRDA:3373,455,1,0
BRDA:3375,456,0,3
BRDA:3375,456,1,0
BRDA:3376,457,0,0
BRDA:3376,457,1,1
BRDA:3377,458,0,1
BRDA:3377,458,1,0
BRDA:3379,459,0,3
BRDA:3379,459,1,0
BRDA:3390,460,0,0
BRDA:3390,460,1,1
BRDA:3398,461,0,0
BRDA:3398,461,1,1
BRDA:3410,462,0,1
BRDA:3410,462,1,0
BRDA:3412,463,0,1
BRDA:3412,463,1,0
BRDA:3424,464,0,0
BRDA:3424,464,1,3
BRDA:3430,465,0,0
BRDA:3430,465,1,3
BRDA:3430,466,0,3
BRDA:3430,466,1,3
BRDA:3430,466,2,3
BRDA:3436,467,0,1
BRDA:3436,467,1,2
BRDA:3446,468,0,2
BRDA:3446,468,1,0
BRDA:3456,469,0,3
BRDA:3456,469,1,0
BRDA:3462,470,0,3
BRDA:3462,470,1,0
BRDA:3463,471,0,3
BRDA:3463,471,1,0
BRDA:3479,472,0,0
BRDA:3479,472,1,0
BRDA:3479,473,0,0
BRDA:3479,473,1,0
BRDA:3479,473,2,0
BRDA:3487,474,0,0
BRDA:3487,474,1,0
BRDA:3492,475,0,0
BRDA:3492,475,1,0
BRDA:3495,476,0,0
BRDA:3495,476,1,0
BRDA:3506,477,0,0
BRDA:3506,477,1,0
BRDA:3506,478,0,0
BRDA:3506,478,1,0
BRDA:3515,479,0,0
BRDA:3515,479,1,0
BRDA:3548,480,0,0
BRDA:3548,480,1,2
BRDA:3548,481,0,2
BRDA:3548,481,1,2
BRDA:3552,482,0,0
BRDA:3552,482,1,2
BRDA:3560,483,0,0
BRDA:3560,483,1,2
BRDA:3564,484,0,0
BRDA:3564,484,1,2
BRDA:3564,485,0,2
BRDA:3564,485,1,0
BRDA:3573,486,0,14
BRDA:3573,486,1,3
BRDA:3576,487,0,0
BRDA:3576,487,1,2
BRDA:3584,488,0,1
BRDA:3584,488,1,7
BRDA:3584,489,0,8
BRDA:3584,489,1,1
BRDA:3584,489,2,1
BRDA:3586,490,0,1
BRDA:3586,490,1,0
BRDA:3595,491,0,2
BRDA:3595,491,1,0
BRDA:3608,492,0,0
BRDA:3608,492,1,17
BRDA:3615,493,0,17
BRDA:3615,493,1,0
BRDA:3618,494,0,1
BRDA:3618,494,1,16
BRDA:3628,495,0,1
BRDA:3628,495,1,17
BRDA:3628,496,0,18
BRDA:3628,496,1,3
BRDA:3632,497,0,2
BRDA:3632,497,1,15
BRDA:3637,498,0,5
BRDA:3637,498,1,12
BRDA:3638,499,0,4
BRDA:3638,499,1,1
BRDA:3642,500,0,4
BRDA:3642,500,1,12
BRDA:3642,501,0,16
BRDA:3642,501,1,4
BRDA:3644,502,0,4
BRDA:3644,502,1,0
BRDA:3650,503,0,4
BRDA:3650,503,1,13
BRDA:3655,504,0,2
BRDA:3655,504,1,15
BRDA:3662,505,0,4
BRDA:3662,505,1,13
BRDA:3662,506,0,17
BRDA:3662,506,1,4
BRDA:3662,506,2,4
BRDA:3663,507,0,4
BRDA:3663,507,1,2
BRDA:3665,508,0,15
BRDA:3665,508,1,4
BRDA:3668,509,0,3
BRDA:3668,509,1,1
BRDA:3669,510,0,3
BRDA:3669,510,1,0
BRDA:3671,511,0,1
BRDA:3671,511,1,0
BRDA:3671,512,0,1
BRDA:3671,512,1,0
BRDA:3681,513,0,16
BRDA:3681,513,1,0
BRDA:3703,514,0,6
BRDA:3703,514,1,0
BRDA:3704,515,0,2
BRDA:3704,515,1,4
BRDA:3714,516,0,1
BRDA:3714,516,1,3
BRDA:3714,517,0,4
BRDA:3714,517,1,3
BRDA:3729,518,0,3
BRDA:3729,518,1,1
BRDA:3730,519,0,6
BRDA:3730,519,1,3
BRDA:3741,520,0,6
BRDA:3741,520,1,1
BRDA:3773,521,0,3
BRDA:3773,521,1,3
BRDA:3781,522,0,3
BRDA:3781,522,1,0
BRDA:3931,523,0,1
BRDA:3931,523,1,5
BRDA:3941,524,0,18
BRDA:3941,524,1,0
BRDA:3943,525,0,18
BRDA:3943,525,1,1
BRDA:3950,526,0,5
BRDA:3950,526,1,0
BRDA:3954,527,0,6
BRDA:3954,527,1,5
BRF:1070
BRH:584
end_of_record
TN:
SF:src\stores\thirdPartiesStore.ts
FN:5,(anonymous_0)
FN:9,(anonymous_1)
FN:10,(anonymous_2)
FN:12,(anonymous_3)
FNF:4
FNH:4
FNDA:2,(anonymous_0)
FNDA:2,(anonymous_1)
FNDA:1,(anonymous_2)
FNDA:2,(anonymous_3)
DA:5,4
DA:6,2
DA:8,2
DA:9,2
DA:10,1
DA:12,2
LF:6
LH:6
BRF:0
BRH:0
end_of_record
TN:
SF:src\stores\usersStore.ts
FN:12,(anonymous_0)
FN:16,(anonymous_1)
FN:17,(anonymous_2)
FN:18,(anonymous_3)
FN:19,(anonymous_4)
FN:20,(anonymous_5)
FN:21,(anonymous_6)
FN:22,(anonymous_7)
FN:23,(anonymous_8)
FN:24,(anonymous_9)
FN:25,(anonymous_10)
FN:26,(anonymous_11)
FN:27,(anonymous_12)
FN:28,(anonymous_13)
FN:29,(anonymous_14)
FN:30,(anonymous_15)
FN:31,(anonymous_16)
FN:32,(anonymous_17)
FN:57,(anonymous_18)
FNF:19
FNH:15
FNDA:18,(anonymous_0)
FNDA:13,(anonymous_1)
FNDA:3,(anonymous_2)
FNDA:15,(anonymous_3)
FNDA:2,(anonymous_4)
FNDA:15,(anonymous_5)
FNDA:0,(anonymous_6)
FNDA:13,(anonymous_7)
FNDA:13,(anonymous_8)
FNDA:0,(anonymous_9)
FNDA:0,(anonymous_10)
FNDA:0,(anonymous_11)
FNDA:13,(anonymous_12)
FNDA:13,(anonymous_13)
FNDA:1,(anonymous_14)
FNDA:4,(anonymous_15)
FNDA:3,(anonymous_16)
FNDA:13,(anonymous_17)
FNDA:16,(anonymous_18)
DA:12,7
DA:13,18
DA:15,18
DA:16,13
DA:17,3
DA:18,15
DA:19,2
DA:20,15
DA:21,0
DA:22,13
DA:23,13
DA:24,0
DA:25,0
DA:26,0
DA:27,13
DA:28,13
DA:29,1
DA:30,4
DA:31,3
DA:32,13
DA:57,16
LF:21
LH:17
BRF:0
BRH:0
end_of_record
TN:
SF:src\utils\pdfGenerator.ts
FN:4,generateInvoicePdf
FN:95,(anonymous_1)
FN:167,(anonymous_2)
FNF:3
FNH:3
FNDA:1,generateInvoicePdf
FNDA:1,(anonymous_1)
FNDA:4,(anonymous_2)
DA:5,1
DA:6,1
DA:7,1
DA:10,1
DA:11,1
DA:12,1
DA:13,1
DA:16,1
DA:17,1
DA:19,1
DA:20,1
DA:21,1
DA:22,1
DA:25,1
DA:26,1
DA:27,1
DA:28,1
DA:29,1
DA:30,1
DA:32,1
DA:35,1
DA:36,1
DA:37,1
DA:38,1
DA:40,1
DA:41,1
DA:42,1
DA:43,1
DA:44,1
DA:45,1
DA:46,1
DA:47,1
DA:51,1
DA:52,1
DA:53,1
DA:54,1
DA:55,1
DA:56,1
DA:57,1
DA:59,1
DA:60,1
DA:61,1
DA:62,1
DA:63,1
DA:64,1
DA:65,1
DA:67,1
DA:68,0
DA:69,0
DA:70,0
DA:71,0
DA:72,0
DA:73,0
DA:74,0
DA:77,1
DA:80,1
DA:81,1
DA:83,1
DA:84,1
DA:85,1
DA:86,1
DA:87,1
DA:88,1
DA:89,1
DA:91,1
DA:94,1
DA:95,1
DA:97,1
DA:98,1
DA:99,1
DA:101,1
DA:104,1
DA:105,1
DA:107,1
DA:108,1
DA:111,1
DA:113,1
DA:116,1
DA:117,0
DA:118,0
DA:122,1
DA:124,1
DA:125,1
DA:126,1
DA:129,1
DA:131,1
DA:132,1
DA:133,1
DA:134,1
DA:136,1
DA:137,1
DA:138,1
DA:141,1
DA:142,1
DA:144,1
DA:145,1
DA:146,1
DA:147,1
DA:148,1
DA:151,1
DA:152,1
DA:153,1
DA:154,1
DA:155,1
DA:156,1
DA:157,1
DA:158,1
DA:159,1
DA:163,1
DA:164,1
DA:165,1
DA:166,1
DA:167,4
DA:168,1
DA:170,1
LF:115
LH:106
BRDA:26,0,0,1
BRDA:26,0,1,0
BRDA:30,1,0,1
BRDA:30,1,1,1
BRDA:30,2,0,1
BRDA:30,2,1,0
BRDA:44,3,0,1
BRDA:44,3,1,0
BRDA:45,4,0,1
BRDA:45,4,1,0
BRDA:65,5,0,1
BRDA:65,5,1,0
BRDA:67,6,0,0
BRDA:67,6,1,1
BRDA:97,7,0,1
BRDA:97,7,1,0
BRDA:97,7,2,0
BRDA:98,8,0,1
BRDA:98,8,1,0
BRDA:98,8,2,0
BRDA:99,9,0,1
BRDA:99,9,1,0
BRDA:116,10,0,0
BRDA:116,10,1,1
BRDA:137,11,0,1
BRDA:137,11,1,0
BRDA:137,11,2,0
BRDA:152,12,0,1
BRDA:152,12,1,0
BRDA:167,13,0,1
BRDA:167,13,1,1
BRF:31
BRH:16
end_of_record
TN:
SF:src\utils\ui.ts
FN:36,formatCurrency
FN:40,formatDate
FN:44,formatDateOnly
FN:48,mapKindLabel
FNF:4
FNH:4
FNDA:204,formatCurrency
FNDA:177,formatDate
FNDA:14,formatDateOnly
FNDA:3,mapKindLabel
DA:1,26
DA:12,26
DA:21,26
DA:27,26
DA:32,26
DA:37,204
DA:41,177
DA:45,14
DA:49,3
DA:55,3
LF:10
LH:10
BRDA:37,0,0,204
BRDA:37,0,1,39
BRDA:55,1,0,3
BRDA:55,1,1,0
BRF:4
BRH:3
end_of_record
